;  LST file generated by mikroListExporter - v.2.0 
; Date/Time: 29/04/2020 15:04:59
;----------------------------------------------

;Address Opcode 	ASM
0x0000	0xF003EF71  	GOTO        1762
0x0004	0x0000      	NOP
0x0006	0x0000      	NOP
0x0008	0xF000EF00  	GOTO        0
0x000C	0x0000      	NOP
0x000E	0x0000      	NOP
0x0010	0x0000      	NOP
0x0012	0x0000      	NOP
0x0014	0x0000      	NOP
0x0016	0x0000      	NOP
0x0018	0xD7F3      	BRA         0
_Delay_1us:
;__Lib_Delays.c,7 :: 		void Delay_1us() {
;__Lib_Delays.c,8 :: 		Delay_us(1);
0x001C	0x0000      	NOP
0x001E	0x0000      	NOP
;__Lib_Delays.c,9 :: 		}
L_end_Delay_1us:
0x0020	0x0012      	RETURN      0
; end of _Delay_1us
_Delay_5500us:
;__Lib_Delays.c,31 :: 		void Delay_5500us() {
;__Lib_Delays.c,32 :: 		Delay_us(5500);
0x0022	0x0E0F      	MOVLW       15
0x0024	0x6E0C      	MOVWF       R12, 0
0x0026	0x0E47      	MOVLW       71
0x0028	0x6E0D      	MOVWF       R13, 0
L_Delay_5500us5:
0x002A	0x2E0D      	DECFSZ      R13, 1, 0
0x002C	0xD7FE      	BRA         L_Delay_5500us5
0x002E	0x2E0C      	DECFSZ      R12, 1, 0
0x0030	0xD7FC      	BRA         L_Delay_5500us5
0x0032	0x0000      	NOP
0x0034	0x0000      	NOP
;__Lib_Delays.c,33 :: 		}
L_end_Delay_5500us:
0x0036	0x0012      	RETURN      0
; end of _Delay_5500us
_Delay_50us:
;__Lib_Delays.c,19 :: 		void Delay_50us() {
;__Lib_Delays.c,20 :: 		Delay_us(50);
0x0038	0x0E21      	MOVLW       33
0x003A	0x6E0D      	MOVWF       R13, 0
L_Delay_50us2:
0x003C	0x2E0D      	DECFSZ      R13, 1, 0
0x003E	0xD7FE      	BRA         L_Delay_50us2
;__Lib_Delays.c,21 :: 		}
L_end_Delay_50us:
0x0040	0x0012      	RETURN      0
; end of _Delay_50us
_FIXSIGN32:
;__Lib_MathDouble.c,117 :: 		
;__Lib_MathDouble.c,121 :: 		
0x0042	0xAE0A      	BTFSS       R10, 7, 0
;__Lib_MathDouble.c,122 :: 		
0x0044	0x9E02      	BCF         R2, 7, 0
;__Lib_MathDouble.c,123 :: 		
0x0046	0x0E00      	MOVLW       0
;__Lib_MathDouble.c,125 :: 		
L_end_FIXSIGN32:
0x0048	0x0012      	RETURN      0
; end of _FIXSIGN32
_Lcd_Cmd:
;__Lib_Lcd.c,18 :: 		
;__Lib_Lcd.c,20 :: 		
0x004A	0xBE3E      	BTFSC       FARG_Lcd_Cmd_out_char, 7 
0x004C	0xD002      	BRA         L__Lcd_Cmd21
0x004E	0x9E83      	BCF         LCD_D7, BitPos(LCD_D7+0) 
0x0050	0xD001      	BRA         L__Lcd_Cmd22
L__Lcd_Cmd21:
0x0052	0x8E83      	BSF         LCD_D7, BitPos(LCD_D7+0) 
L__Lcd_Cmd22:
;__Lib_Lcd.c,21 :: 		
0x0054	0xBC3E      	BTFSC       FARG_Lcd_Cmd_out_char, 6 
0x0056	0xD002      	BRA         L__Lcd_Cmd23
0x0058	0x9C83      	BCF         LCD_D6, BitPos(LCD_D6+0) 
0x005A	0xD001      	BRA         L__Lcd_Cmd24
L__Lcd_Cmd23:
0x005C	0x8C83      	BSF         LCD_D6, BitPos(LCD_D6+0) 
L__Lcd_Cmd24:
;__Lib_Lcd.c,22 :: 		
0x005E	0xBA3E      	BTFSC       FARG_Lcd_Cmd_out_char, 5 
0x0060	0xD002      	BRA         L__Lcd_Cmd25
0x0062	0x9A83      	BCF         LCD_D5, BitPos(LCD_D5+0) 
0x0064	0xD001      	BRA         L__Lcd_Cmd26
L__Lcd_Cmd25:
0x0066	0x8A83      	BSF         LCD_D5, BitPos(LCD_D5+0) 
L__Lcd_Cmd26:
;__Lib_Lcd.c,23 :: 		
0x0068	0xB83E      	BTFSC       FARG_Lcd_Cmd_out_char, 4 
0x006A	0xD002      	BRA         L__Lcd_Cmd27
0x006C	0x9883      	BCF         LCD_D4, BitPos(LCD_D4+0) 
0x006E	0xD001      	BRA         L__Lcd_Cmd28
L__Lcd_Cmd27:
0x0070	0x8883      	BSF         LCD_D4, BitPos(LCD_D4+0) 
L__Lcd_Cmd28:
;__Lib_Lcd.c,25 :: 		
0x0072	0xB027      	BTFSC       __Lib_Lcd_cmd_status, BitPos(__Lib_Lcd_cmd_status+0) 
0x0074	0xD002      	BRA         L__Lcd_Cmd29
0x0076	0x8484      	BSF         LCD_RS, BitPos(LCD_RS+0) 
0x0078	0xD001      	BRA         L__Lcd_Cmd30
L__Lcd_Cmd29:
0x007A	0x9484      	BCF         LCD_RS, BitPos(LCD_RS+0) 
L__Lcd_Cmd30:
;__Lib_Lcd.c,28 :: 		
0x007C	0x8284      	BSF         LCD_EN, BitPos(LCD_EN+0) 
;__Lib_Lcd.c,29 :: 		
0x007E	0xDFCE      	RCALL       _Delay_1us
;__Lib_Lcd.c,30 :: 		
0x0080	0x9284      	BCF         LCD_EN, BitPos(LCD_EN+0) 
;__Lib_Lcd.c,33 :: 		
0x0082	0xB63E      	BTFSC       FARG_Lcd_Cmd_out_char, 3 
0x0084	0xD002      	BRA         L__Lcd_Cmd31
0x0086	0x9E83      	BCF         LCD_D7, BitPos(LCD_D7+0) 
0x0088	0xD001      	BRA         L__Lcd_Cmd32
L__Lcd_Cmd31:
0x008A	0x8E83      	BSF         LCD_D7, BitPos(LCD_D7+0) 
L__Lcd_Cmd32:
;__Lib_Lcd.c,34 :: 		
0x008C	0xB43E      	BTFSC       FARG_Lcd_Cmd_out_char, 2 
0x008E	0xD002      	BRA         L__Lcd_Cmd33
0x0090	0x9C83      	BCF         LCD_D6, BitPos(LCD_D6+0) 
0x0092	0xD001      	BRA         L__Lcd_Cmd34
L__Lcd_Cmd33:
0x0094	0x8C83      	BSF         LCD_D6, BitPos(LCD_D6+0) 
L__Lcd_Cmd34:
;__Lib_Lcd.c,35 :: 		
0x0096	0xB23E      	BTFSC       FARG_Lcd_Cmd_out_char, 1 
0x0098	0xD002      	BRA         L__Lcd_Cmd35
0x009A	0x9A83      	BCF         LCD_D5, BitPos(LCD_D5+0) 
0x009C	0xD001      	BRA         L__Lcd_Cmd36
L__Lcd_Cmd35:
0x009E	0x8A83      	BSF         LCD_D5, BitPos(LCD_D5+0) 
L__Lcd_Cmd36:
;__Lib_Lcd.c,36 :: 		
0x00A0	0xB03E      	BTFSC       FARG_Lcd_Cmd_out_char, 0 
0x00A2	0xD002      	BRA         L__Lcd_Cmd37
0x00A4	0x9883      	BCF         LCD_D4, BitPos(LCD_D4+0) 
0x00A6	0xD001      	BRA         L__Lcd_Cmd38
L__Lcd_Cmd37:
0x00A8	0x8883      	BSF         LCD_D4, BitPos(LCD_D4+0) 
L__Lcd_Cmd38:
;__Lib_Lcd.c,38 :: 		
0x00AA	0xB027      	BTFSC       __Lib_Lcd_cmd_status, BitPos(__Lib_Lcd_cmd_status+0) 
0x00AC	0xD002      	BRA         L__Lcd_Cmd39
0x00AE	0x8484      	BSF         LCD_RS, BitPos(LCD_RS+0) 
0x00B0	0xD001      	BRA         L__Lcd_Cmd40
L__Lcd_Cmd39:
0x00B2	0x9484      	BCF         LCD_RS, BitPos(LCD_RS+0) 
L__Lcd_Cmd40:
;__Lib_Lcd.c,40 :: 		
0x00B4	0x8284      	BSF         LCD_EN, BitPos(LCD_EN+0) 
;__Lib_Lcd.c,41 :: 		
0x00B6	0xDFB2      	RCALL       _Delay_1us
;__Lib_Lcd.c,42 :: 		
0x00B8	0x9284      	BCF         LCD_EN, BitPos(LCD_EN+0) 
;__Lib_Lcd.c,44 :: 		
0x00BA	0xA027      	BTFSS       __Lib_Lcd_cmd_status, BitPos(__Lib_Lcd_cmd_status+0) 
0x00BC	0xD002      	BRA         L_Lcd_Cmd0
;__Lib_Lcd.c,45 :: 		
0x00BE	0xDFB1      	RCALL       _Delay_5500us
0x00C0	0xD001      	BRA         L_Lcd_Cmd1
L_Lcd_Cmd0:
;__Lib_Lcd.c,47 :: 		
0x00C2	0xDFBA      	RCALL       _Delay_50us
L_Lcd_Cmd1:
;__Lib_Lcd.c,48 :: 		
L_end_Lcd_Cmd:
0x00C4	0x0012      	RETURN      0
; end of _Lcd_Cmd
_RES032:
;__Lib_MathDouble.c,128 :: 		
;__Lib_MathDouble.c,134 :: 		
0x00C6	0x6A02      	CLRF        R2, 0
;__Lib_MathDouble.c,135 :: 		
0x00C8	0x6A01      	CLRF        R1, 0
;__Lib_MathDouble.c,136 :: 		
0x00CA	0x6A00      	CLRF        R0, 0
;__Lib_MathDouble.c,137 :: 		
0x00CC	0x6A08      	CLRF        R8, 0
;__Lib_MathDouble.c,138 :: 		
0x00CE	0x6A03      	CLRF        R3, 0
;__Lib_MathDouble.c,139 :: 		
0x00D0	0x0E00      	MOVLW       0
;__Lib_MathDouble.c,141 :: 		
L_end_RES032:
0x00D2	0x0012      	RETURN      0
; end of _RES032
_SETFUN32:
;__Lib_MathDouble.c,144 :: 		
;__Lib_MathDouble.c,152 :: 		
0x00D4	0x840B      	BSF         R11, 2, 0
;__Lib_MathDouble.c,153 :: 		
0x00D6	0xAE0B      	BTFSS       R11, 7, 0
;__Lib_MathDouble.c,154 :: 		
0x00D8	0xF000EF75  	GOTO        SETFUN32EEE
;__Lib_MathDouble.c,156 :: 		
0x00DC	0x0E01      	MOVLW       1
;__Lib_MathDouble.c,157 :: 		
0x00DE	0x6E03      	MOVWF       R3, 0
;__Lib_MathDouble.c,158 :: 		
0x00E0	0x6A02      	CLRF        R2, 0
;__Lib_MathDouble.c,159 :: 		
0x00E2	0x6A01      	CLRF        R1, 0
;__Lib_MathDouble.c,160 :: 		
0x00E4	0x6A00      	CLRF        R0, 0
;__Lib_MathDouble.c,161 :: 		
0x00E6	0x360A      	RLCF        R10, 1, 0
;__Lib_MathDouble.c,162 :: 		
0x00E8	0x3202      	RRCF        R2, 1, 0
;__Lib_MathDouble.c,163 :: 		
SETFUN32EEE:
;__Lib_MathDouble.c,164 :: 		
0x00EA	0x0EFF      	MOVLW       255
;__Lib_MathDouble.c,166 :: 		
L_end_SETFUN32:
0x00EC	0x0012      	RETURN      0
; end of _SETFUN32
_Delay_22us:
;__Lib_Delays.c,15 :: 		void Delay_22us() {
;__Lib_Delays.c,16 :: 		Delay_us(22);
0x00EE	0x0E0E      	MOVLW       14
0x00F0	0x6E0D      	MOVWF       R13, 0
L_Delay_22us1:
0x00F2	0x2E0D      	DECFSZ      R13, 1, 0
0x00F4	0xD7FE      	BRA         L_Delay_22us1
0x00F6	0x0000      	NOP
;__Lib_Delays.c,17 :: 		}
L_end_Delay_22us:
0x00F8	0x0012      	RETURN      0
; end of _Delay_22us
_Div_16x16_U:
;__Lib_Math.c,102 :: 		
;__Lib_Math.c,109 :: 		
0x00FA	0x6A08      	CLRF        R8, 0
;__Lib_Math.c,110 :: 		
0x00FC	0x6A09      	CLRF        R9, 0
;__Lib_Math.c,111 :: 		
0x00FE	0x0E10      	MOVLW       16
;__Lib_Math.c,112 :: 		
0x0100	0x6E0C      	MOVWF       R12, 0
;__Lib_Math.c,113 :: 		
0x0102	0x3401      	RLCF        R1, 0, 0
;__Lib_Math.c,114 :: 		
0x0104	0x3608      	RLCF        R8, 1, 0
;__Lib_Math.c,115 :: 		
0x0106	0x3609      	RLCF        R9, 1, 0
;__Lib_Math.c,116 :: 		
0x0108	0x5004      	MOVF        R4, 0, 0
;__Lib_Math.c,117 :: 		
0x010A	0x5E08      	SUBWF       R8, 1, 0
;__Lib_Math.c,118 :: 		
0x010C	0x5005      	MOVF        R5, 0, 0
;__Lib_Math.c,119 :: 		
0x010E	0xA0D8      	BTFSS       STATUS, 0, 0
;__Lib_Math.c,120 :: 		
0x0110	0x3C05      	INCFSZ      R5, 0, 0
;__Lib_Math.c,121 :: 		
0x0112	0x5E09      	SUBWF       R9, 1, 0
;__Lib_Math.c,122 :: 		
0x0114	0xB0D8      	BTFSC       STATUS, 0, 0
;__Lib_Math.c,123 :: 		
0x0116	0xD007      	BRA         $+16
;__Lib_Math.c,124 :: 		
0x0118	0x5004      	MOVF        R4, 0, 0
;__Lib_Math.c,125 :: 		
0x011A	0x2608      	ADDWF       R8, 1, 0
;__Lib_Math.c,126 :: 		
0x011C	0x5005      	MOVF        R5, 0, 0
;__Lib_Math.c,127 :: 		
0x011E	0xB0D8      	BTFSC       STATUS, 0, 0
;__Lib_Math.c,128 :: 		
0x0120	0x3C05      	INCFSZ      R5, 0, 0
;__Lib_Math.c,129 :: 		
0x0122	0x2609      	ADDWF       R9, 1, 0
;__Lib_Math.c,130 :: 		
0x0124	0x90D8      	BCF         STATUS, 0, 0
;__Lib_Math.c,131 :: 		
0x0126	0x3600      	RLCF        R0, 1, 0
;__Lib_Math.c,132 :: 		
0x0128	0x3601      	RLCF        R1, 1, 0
;__Lib_Math.c,133 :: 		
0x012A	0x2E0C      	DECFSZ      R12, 1, 0
;__Lib_Math.c,134 :: 		
0x012C	0xD7EA      	BRA         $-42
;__Lib_Math.c,136 :: 		
L_end_Div_16x16_U:
0x012E	0x0012      	RETURN      0
; end of _Div_16x16_U
_NRM3232:
;__Lib_MathDouble.c,455 :: 		
;__Lib_MathDouble.c,463 :: 		
0x0130	0x6A0C      	CLRF        R12, 0
;__Lib_MathDouble.c,464 :: 		
0x0132	0x6A0E      	CLRF        R14, 0
;__Lib_MathDouble.c,465 :: 		
0x0134	0x5002      	MOVF        R2, 0, 0
;__Lib_MathDouble.c,466 :: 		
0x0136	0xA4D8      	BTFSS       STATUS, 2, 0
;__Lib_MathDouble.c,467 :: 		
0x0138	0xF000EFB1  	GOTO        NORM3232
;__Lib_MathDouble.c,468 :: 		
0x013C	0xF002C001  	MOVFF       R1, R2
;__Lib_MathDouble.c,469 :: 		
0x0140	0xF001C000  	MOVFF       R0, R1
;__Lib_MathDouble.c,470 :: 		
0x0144	0x6A00      	CLRF        R0, 0
;__Lib_MathDouble.c,471 :: 		
0x0146	0x860E      	BSF         R14, 3, 0
;__Lib_MathDouble.c,473 :: 		
0x0148	0x5002      	MOVF        R2, 0, 0
;__Lib_MathDouble.c,474 :: 		
0x014A	0xA4D8      	BTFSS       STATUS, 2, 0
;__Lib_MathDouble.c,475 :: 		
0x014C	0xF000EFB1  	GOTO        NORM3232
;__Lib_MathDouble.c,476 :: 		
0x0150	0xF002C001  	MOVFF       R1, R2
;__Lib_MathDouble.c,477 :: 		
0x0154	0x6A01      	CLRF        R1, 0
;__Lib_MathDouble.c,478 :: 		
0x0156	0x960E      	BCF         R14, 3, 0
;__Lib_MathDouble.c,479 :: 		
0x0158	0x880E      	BSF         R14, 4, 0
;__Lib_MathDouble.c,481 :: 		
0x015A	0x5002      	MOVF        R2, 0, 0
;__Lib_MathDouble.c,482 :: 		
0x015C	0xB4D8      	BTFSC       STATUS, 2, 0
;__Lib_MathDouble.c,483 :: 		
0x015E	0xF000EFC3  	GOTO        JPNRES032
;__Lib_MathDouble.c,484 :: 		
NORM3232:
;__Lib_MathDouble.c,485 :: 		
0x0162	0x500E      	MOVF        R14, 0, 0
;__Lib_MathDouble.c,486 :: 		
0x0164	0x5E03      	SUBWF       R3, 1, 0
;__Lib_MathDouble.c,487 :: 		
0x0166	0xA4D8      	BTFSS       STATUS, 2, 0
;__Lib_MathDouble.c,488 :: 		
0x0168	0xA0D8      	BTFSS       STATUS, 0, 0
;__Lib_MathDouble.c,489 :: 		
0x016A	0xF000EFC8  	GOTO        JPNSETFUN32
;__Lib_MathDouble.c,490 :: 		
0x016E	0x90D8      	BCF         STATUS, 0, 0
;__Lib_MathDouble.c,491 :: 		
NORM3232A:
;__Lib_MathDouble.c,492 :: 		
0x0170	0xBE02      	BTFSC       R2, 7, 0
;__Lib_MathDouble.c,493 :: 		
0x0172	0xF000EFCD  	GOTO        JMPNFIXSIGN32
;__Lib_MathDouble.c,494 :: 		
0x0176	0x3600      	RLCF        R0, 1, 0
;__Lib_MathDouble.c,495 :: 		
0x0178	0x3601      	RLCF        R1, 1, 0
;__Lib_MathDouble.c,496 :: 		
0x017A	0x3602      	RLCF        R2, 1, 0
;__Lib_MathDouble.c,497 :: 		
0x017C	0x2E03      	DECFSZ      R3, 1, 0
;__Lib_MathDouble.c,498 :: 		
0x017E	0xF000EFB8  	GOTO        NORM3232A
;__Lib_MathDouble.c,499 :: 		
0x0182	0xF000EFC8  	GOTO        JPNSETFUN32
;__Lib_MathDouble.c,500 :: 		
JPNRES032:
;__Lib_MathDouble.c,501 :: 		
0x0186	0x0E01      	MOVLW       1
;__Lib_MathDouble.c,502 :: 		
0x0188	0x6E0C      	MOVWF       R12, 0
;__Lib_MathDouble.c,504 :: 		
0x018A	0xDF9D      	RCALL       _RES032
;__Lib_MathDouble.c,506 :: 		
0x018C	0xF000EFD0  	GOTO        NORM32EEE
;__Lib_MathDouble.c,507 :: 		
JPNSETFUN32:
;__Lib_MathDouble.c,508 :: 		
0x0190	0x0E02      	MOVLW       2
;__Lib_MathDouble.c,509 :: 		
0x0192	0x6E0C      	MOVWF       R12, 0
;__Lib_MathDouble.c,511 :: 		
0x0194	0xDF9F      	RCALL       _SETFUN32
;__Lib_MathDouble.c,513 :: 		
0x0196	0xF000EFD0  	GOTO        NORM32EEE
;__Lib_MathDouble.c,514 :: 		
JMPNFIXSIGN32:
;__Lib_MathDouble.c,515 :: 		
0x019A	0x0E04      	MOVLW       4
;__Lib_MathDouble.c,516 :: 		
0x019C	0x6E0C      	MOVWF       R12, 0
;__Lib_MathDouble.c,518 :: 		
0x019E	0xDF51      	RCALL       _FIXSIGN32
;__Lib_MathDouble.c,520 :: 		
NORM32EEE:
;__Lib_MathDouble.c,527 :: 		
L_end_NRM3232:
0x01A0	0x0012      	RETURN      0
; end of _NRM3232
_Lcd_Chr_CP:
;__Lib_Lcd.c,50 :: 		
;__Lib_Lcd.c,52 :: 		
0x01A2	0x9027      	BCF         __Lib_Lcd_cmd_status, BitPos(__Lib_Lcd_cmd_status+0) 
;__Lib_Lcd.c,53 :: 		
0x01A4	0xF03EC03D  	MOVFF       FARG_Lcd_Chr_CP_out_char, FARG_Lcd_Cmd_out_char
0x01A8	0xDF50      	RCALL       _Lcd_Cmd
;__Lib_Lcd.c,54 :: 		
0x01AA	0x8027      	BSF         __Lib_Lcd_cmd_status, BitPos(__Lib_Lcd_cmd_status+0) 
;__Lib_Lcd.c,55 :: 		
L_end_Lcd_Chr_CP:
0x01AC	0x0012      	RETURN      0
; end of _Lcd_Chr_CP
_SETFOV32:
;__Lib_MathDouble.c,82 :: 		
;__Lib_MathDouble.c,90 :: 		
0x01AE	0x820B      	BSF         R11, 1, 0
;__Lib_MathDouble.c,91 :: 		
0x01B0	0xAE0B      	BTFSS       R11, 7, 0
;__Lib_MathDouble.c,92 :: 		
0x01B2	0xF000EFE1  	GOTO        SETFOV32EEE
;__Lib_MathDouble.c,94 :: 		
0x01B6	0x6803      	SETF        R3, 0
;__Lib_MathDouble.c,95 :: 		
0x01B8	0x6802      	SETF        R2, 0
;__Lib_MathDouble.c,96 :: 		
0x01BA	0x6801      	SETF        R1, 0
;__Lib_MathDouble.c,97 :: 		
0x01BC	0x6800      	SETF        R0, 0
;__Lib_MathDouble.c,98 :: 		
0x01BE	0x360A      	RLCF        R10, 1, 0
;__Lib_MathDouble.c,99 :: 		
0x01C0	0x3202      	RRCF        R2, 1, 0
;__Lib_MathDouble.c,100 :: 		
SETFOV32EEE:
;__Lib_MathDouble.c,101 :: 		
0x01C2	0x0EFF      	MOVLW       255
;__Lib_MathDouble.c,103 :: 		
L_end_SETFOV32:
0x01C4	0x0012      	RETURN      0
; end of _SETFOV32
_SETIOV3224:
;__Lib_MathDouble.c,530 :: 		
;__Lib_MathDouble.c,537 :: 		
0x01C6	0x800B      	BSF         R11, 0, 0
;__Lib_MathDouble.c,538 :: 		
0x01C8	0xAE0B      	BTFSS       R11, 7, 0
;__Lib_MathDouble.c,539 :: 		
0x01CA	0xF000EFEF  	GOTO        SETIOV3224EEE
;__Lib_MathDouble.c,541 :: 		
0x01CE	0x6A02      	CLRF        R2, 0
;__Lib_MathDouble.c,542 :: 		
0x01D0	0xAE0A      	BTFSS       R10, 7, 0
;__Lib_MathDouble.c,543 :: 		
0x01D2	0x0EFF      	MOVLW       255
;__Lib_MathDouble.c,544 :: 		
0x01D4	0x6E02      	MOVWF       R2, 0
;__Lib_MathDouble.c,545 :: 		
0x01D6	0x6E01      	MOVWF       R1, 0
;__Lib_MathDouble.c,546 :: 		
0x01D8	0x6E00      	MOVWF       R0, 0
;__Lib_MathDouble.c,547 :: 		
0x01DA	0x360A      	RLCF        R10, 1, 0
;__Lib_MathDouble.c,548 :: 		
0x01DC	0x3202      	RRCF        R2, 1, 0
;__Lib_MathDouble.c,549 :: 		
SETIOV3224EEE:
;__Lib_MathDouble.c,550 :: 		
0x01DE	0x0EFF      	MOVLW       255
;__Lib_MathDouble.c,552 :: 		
L_end_SETIOV3224:
0x01E0	0x0012      	RETURN      0
; end of _SETIOV3224
_Mul_16x16_U:
;__Lib_Math.c,440 :: 		
;__Lib_Math.c,447 :: 		
0x01E2	0x6A0B      	CLRF        R11, 0
;__Lib_Math.c,448 :: 		
0x01E4	0x6A0A      	CLRF        R10, 0
;__Lib_Math.c,449 :: 		
0x01E6	0x6A09      	CLRF        R9, 0
;__Lib_Math.c,450 :: 		
0x01E8	0x5000      	MOVF        R0, 0, 0
;__Lib_Math.c,451 :: 		
0x01EA	0x0204      	MULWF       R4, 0
;__Lib_Math.c,453 :: 		
0x01EC	0xF009CFF4  	MOVFF       PRODH, R9
;__Lib_Math.c,454 :: 		
0x01F0	0xF008CFF3  	MOVFF       PRODL, R8
;__Lib_Math.c,455 :: 		
0x01F4	0x5001      	MOVF        R1, 0, 0
;__Lib_Math.c,456 :: 		
0x01F6	0x0205      	MULWF       R5, 0
;__Lib_Math.c,458 :: 		
0x01F8	0xF00BCFF4  	MOVFF       PRODH, R11
;__Lib_Math.c,459 :: 		
0x01FC	0xF00ACFF3  	MOVFF       PRODL, R10
;__Lib_Math.c,460 :: 		
0x0200	0x5000      	MOVF        R0, 0, 0
;__Lib_Math.c,461 :: 		
0x0202	0x0205      	MULWF       R5, 0
;__Lib_Math.c,463 :: 		
0x0204	0x50F3      	MOVF        PRODL, 0, 0
;__Lib_Math.c,464 :: 		
0x0206	0x2609      	ADDWF       R9, 1, 0
;__Lib_Math.c,465 :: 		
0x0208	0x50F4      	MOVF        PRODH, 0, 0
;__Lib_Math.c,466 :: 		
0x020A	0x220A      	ADDWFC      R10, 1, 0
;__Lib_Math.c,467 :: 		
0x020C	0x6AE8      	CLRF        WREG, 0
;__Lib_Math.c,468 :: 		
0x020E	0x220B      	ADDWFC      R11, 1, 0
;__Lib_Math.c,469 :: 		
0x0210	0x5001      	MOVF        R1, 0, 0
;__Lib_Math.c,470 :: 		
0x0212	0x0204      	MULWF       R4, 0
;__Lib_Math.c,472 :: 		
0x0214	0x50F3      	MOVF        PRODL, 0, 0
;__Lib_Math.c,473 :: 		
0x0216	0x2609      	ADDWF       R9, 1, 0
;__Lib_Math.c,474 :: 		
0x0218	0x50F4      	MOVF        PRODH, 0, 0
;__Lib_Math.c,475 :: 		
0x021A	0x220A      	ADDWFC      R10, 1, 0
;__Lib_Math.c,476 :: 		
0x021C	0x6AE8      	CLRF        WREG, 0
;__Lib_Math.c,477 :: 		
0x021E	0x220B      	ADDWFC      R11, 1, 0
;__Lib_Math.c,479 :: 		
0x0220	0xF000C008  	MOVFF       R8, R0
;__Lib_Math.c,480 :: 		
0x0224	0xF001C009  	MOVFF       R9, R1
;__Lib_Math.c,481 :: 		
0x0228	0xF002C00A  	MOVFF       R10, R2
;__Lib_Math.c,482 :: 		
0x022C	0xF003C00B  	MOVFF       R11, R3
;__Lib_Math.c,485 :: 		
L_end_Mul_16x16_U:
0x0230	0x0012      	RETURN      0
; end of _Mul_16x16_U
_PWM1_Init:
;__Lib_PWM_c21.c,36 :: 		
;__Lib_PWM_c21.c,37 :: 		
;__Lib_PWM_c21.c,38 :: 		
0x0232	0x6ABE      	CLRF        CCPR1L 
;__Lib_PWM_c21.c,39 :: 		
0x0234	0x98BD      	BCF         CCP1CON, 4 
;__Lib_PWM_c21.c,40 :: 		
0x0236	0x9ABD      	BCF         CCP1CON, 5 
;__Lib_PWM_c21.c,41 :: 		
L_end_PWM1_Init:
0x0238	0x0012      	RETURN      0
; end of _PWM1_Init
___CC2DW:
;__Lib_System.c,21 :: 		
;__Lib_System.c,23 :: 		
_CC2DL_Loop1:
;__Lib_System.c,24 :: 		
0x023A	0x0009      	TBLRD*+
;__Lib_System.c,25 :: 		
0x023C	0xFFE6CFF5  	MOVFF       TABLAT, POSTINC1
;__Lib_System.c,26 :: 		
0x0240	0x0600      	DECF        R0, 1, 0
;__Lib_System.c,27 :: 		
0x0242	0xE1FB      	BNZ         _CC2DL_Loop1
;__Lib_System.c,28 :: 		
0x0244	0x0601      	DECF        R1, 1, 0
;__Lib_System.c,29 :: 		
0x0246	0xE1F9      	BNZ         _CC2DL_Loop1
;__Lib_System.c,31 :: 		
L_end___CC2DW:
0x0248	0x0012      	RETURN      0
; end of ___CC2DW
_Lcd_Out:
;__Lib_Lcd.c,184 :: 		
;__Lib_Lcd.c,187 :: 		
0x024A	0xD00F      	BRA         L_Lcd_Out11
;__Lib_Lcd.c,188 :: 		
L_Lcd_Out13:
0x024C	0x0E80      	MOVLW       128
0x024E	0x6E36      	MOVWF       FARG_Lcd_Out_row 
0x0250	0xD019      	BRA         L_Lcd_Out12
;__Lib_Lcd.c,189 :: 		
L_Lcd_Out14:
0x0252	0x0EC0      	MOVLW       192
0x0254	0x6E36      	MOVWF       FARG_Lcd_Out_row 
0x0256	0xD016      	BRA         L_Lcd_Out12
;__Lib_Lcd.c,190 :: 		
L_Lcd_Out15:
0x0258	0x0E94      	MOVLW       148
0x025A	0x6E36      	MOVWF       FARG_Lcd_Out_row 
0x025C	0xD013      	BRA         L_Lcd_Out12
;__Lib_Lcd.c,191 :: 		
L_Lcd_Out16:
0x025E	0x0ED4      	MOVLW       212
0x0260	0x6E36      	MOVWF       FARG_Lcd_Out_row 
0x0262	0xD010      	BRA         L_Lcd_Out12
;__Lib_Lcd.c,192 :: 		
L_Lcd_Out17:
0x0264	0x0E80      	MOVLW       128
0x0266	0x6E36      	MOVWF       FARG_Lcd_Out_row 
;__Lib_Lcd.c,193 :: 		
0x0268	0xD00D      	BRA         L_Lcd_Out12
L_Lcd_Out11:
0x026A	0x5036      	MOVF        FARG_Lcd_Out_row, 0 
0x026C	0x0A01      	XORLW       1
0x026E	0xE0EE      	BZ          L_Lcd_Out13
0x0270	0x5036      	MOVF        FARG_Lcd_Out_row, 0 
0x0272	0x0A02      	XORLW       2
0x0274	0xE0EE      	BZ          L_Lcd_Out14
0x0276	0x5036      	MOVF        FARG_Lcd_Out_row, 0 
0x0278	0x0A03      	XORLW       3
0x027A	0xE0EE      	BZ          L_Lcd_Out15
0x027C	0x5036      	MOVF        FARG_Lcd_Out_row, 0 
0x027E	0x0A04      	XORLW       4
0x0280	0xE0EE      	BZ          L_Lcd_Out16
0x0282	0xD7F0      	BRA         L_Lcd_Out17
L_Lcd_Out12:
;__Lib_Lcd.c,194 :: 		
0x0284	0x0437      	DECF        FARG_Lcd_Out_column, 0 
0x0286	0x6E00      	MOVWF       R0 
0x0288	0x5036      	MOVF        FARG_Lcd_Out_row, 0 
0x028A	0x2600      	ADDWF       R0, 1 
0x028C	0xF036C000  	MOVFF       R0, FARG_Lcd_Out_row
;__Lib_Lcd.c,196 :: 		
0x0290	0xF03EC000  	MOVFF       R0, FARG_Lcd_Cmd_out_char
0x0294	0xDEDA      	RCALL       _Lcd_Cmd
;__Lib_Lcd.c,197 :: 		
0x0296	0x9027      	BCF         __Lib_Lcd_cmd_status, BitPos(__Lib_Lcd_cmd_status+0) 
;__Lib_Lcd.c,198 :: 		
0x0298	0x6A3A      	CLRF        Lcd_Out_i_L0 
;__Lib_Lcd.c,199 :: 		
L_Lcd_Out18:
0x029A	0x503A      	MOVF        Lcd_Out_i_L0, 0 
0x029C	0x2438      	ADDWF       FARG_Lcd_Out_text, 0 
0x029E	0x6EE9      	MOVWF       FSR0 
0x02A0	0x0E00      	MOVLW       0
0x02A2	0x2039      	ADDWFC      FARG_Lcd_Out_text+1, 0 
0x02A4	0x6EEA      	MOVWF       FSR0H 
0x02A6	0x52EE      	MOVF        POSTINC0, 1 
0x02A8	0xE00B      	BZ          L_Lcd_Out19
;__Lib_Lcd.c,200 :: 		
0x02AA	0x503A      	MOVF        Lcd_Out_i_L0, 0 
0x02AC	0x2438      	ADDWF       FARG_Lcd_Out_text, 0 
0x02AE	0x6EE9      	MOVWF       FSR0 
0x02B0	0x0E00      	MOVLW       0
0x02B2	0x2039      	ADDWFC      FARG_Lcd_Out_text+1, 0 
0x02B4	0x6EEA      	MOVWF       FSR0H 
0x02B6	0xF03DCFEE  	MOVFF       POSTINC0, FARG_Lcd_Chr_CP_out_char
0x02BA	0xDF73      	RCALL       _Lcd_Chr_CP
0x02BC	0x2A3A      	INCF        Lcd_Out_i_L0, 1 
0x02BE	0xD7ED      	BRA         L_Lcd_Out18
L_Lcd_Out19:
;__Lib_Lcd.c,201 :: 		
0x02C0	0x8027      	BSF         __Lib_Lcd_cmd_status, BitPos(__Lib_Lcd_cmd_status+0) 
;__Lib_Lcd.c,202 :: 		
L_end_Lcd_Out:
0x02C2	0x0012      	RETURN      0
; end of _Lcd_Out
_Lcd_Init:
;__Lib_Lcd.c,84 :: 		
;__Lib_Lcd.c,86 :: 		
0x02C4	0x9296      	BCF         LCD_EN_Direction, BitPos(LCD_EN_Direction+0) 
;__Lib_Lcd.c,87 :: 		
0x02C6	0x9496      	BCF         LCD_RS_Direction, BitPos(LCD_RS_Direction+0) 
;__Lib_Lcd.c,88 :: 		
0x02C8	0x9895      	BCF         LCD_D4_Direction, BitPos(LCD_D4_Direction+0) 
;__Lib_Lcd.c,89 :: 		
0x02CA	0x9A95      	BCF         LCD_D5_Direction, BitPos(LCD_D5_Direction+0) 
;__Lib_Lcd.c,90 :: 		
0x02CC	0x9C95      	BCF         LCD_D6_Direction, BitPos(LCD_D6_Direction+0) 
;__Lib_Lcd.c,91 :: 		
0x02CE	0x9E95      	BCF         LCD_D7_Direction, BitPos(LCD_D7_Direction+0) 
;__Lib_Lcd.c,93 :: 		
0x02D0	0x9284      	BCF         LCD_EN, BitPos(LCD_EN+0) 
;__Lib_Lcd.c,94 :: 		
0x02D2	0x9484      	BCF         LCD_RS, BitPos(LCD_RS+0) 
;__Lib_Lcd.c,95 :: 		
0x02D4	0x9E83      	BCF         LCD_D7, BitPos(LCD_D7+0) 
;__Lib_Lcd.c,96 :: 		
0x02D6	0x9C83      	BCF         LCD_D6, BitPos(LCD_D6+0) 
;__Lib_Lcd.c,97 :: 		
0x02D8	0x9A83      	BCF         LCD_D5, BitPos(LCD_D5+0) 
;__Lib_Lcd.c,98 :: 		
0x02DA	0x9883      	BCF         LCD_D4, BitPos(LCD_D4+0) 
;__Lib_Lcd.c,100 :: 		
0x02DC	0xDEA2      	RCALL       _Delay_5500us
;__Lib_Lcd.c,101 :: 		
0x02DE	0xDEA1      	RCALL       _Delay_5500us
;__Lib_Lcd.c,102 :: 		
0x02E0	0xDEA0      	RCALL       _Delay_5500us
;__Lib_Lcd.c,105 :: 		
0x02E2	0x8A83      	BSF         LCD_D5, BitPos(LCD_D5+0) 
;__Lib_Lcd.c,106 :: 		
0x02E4	0x8883      	BSF         LCD_D4, BitPos(LCD_D4+0) 
;__Lib_Lcd.c,107 :: 		
0x02E6	0x8284      	BSF         LCD_EN, BitPos(LCD_EN+0) 
;__Lib_Lcd.c,108 :: 		
0x02E8	0xDE99      	RCALL       _Delay_1us
;__Lib_Lcd.c,109 :: 		
0x02EA	0x9284      	BCF         LCD_EN, BitPos(LCD_EN+0) 
;__Lib_Lcd.c,110 :: 		
0x02EC	0xDE9A      	RCALL       _Delay_5500us
;__Lib_Lcd.c,112 :: 		
0x02EE	0x8284      	BSF         LCD_EN, BitPos(LCD_EN+0) 
;__Lib_Lcd.c,113 :: 		
0x02F0	0xDE95      	RCALL       _Delay_1us
;__Lib_Lcd.c,114 :: 		
0x02F2	0x9284      	BCF         LCD_EN, BitPos(LCD_EN+0) 
;__Lib_Lcd.c,115 :: 		
0x02F4	0xDE96      	RCALL       _Delay_5500us
;__Lib_Lcd.c,117 :: 		
0x02F6	0x8284      	BSF         LCD_EN, BitPos(LCD_EN+0) 
;__Lib_Lcd.c,118 :: 		
0x02F8	0xDE91      	RCALL       _Delay_1us
;__Lib_Lcd.c,119 :: 		
0x02FA	0x9284      	BCF         LCD_EN, BitPos(LCD_EN+0) 
;__Lib_Lcd.c,120 :: 		
0x02FC	0xDE92      	RCALL       _Delay_5500us
;__Lib_Lcd.c,123 :: 		
0x02FE	0x9883      	BCF         LCD_D4, BitPos(LCD_D4+0) 
;__Lib_Lcd.c,124 :: 		
0x0300	0x8284      	BSF         LCD_EN, BitPos(LCD_EN+0) 
;__Lib_Lcd.c,125 :: 		
0x0302	0xDE8C      	RCALL       _Delay_1us
;__Lib_Lcd.c,126 :: 		
0x0304	0x9284      	BCF         LCD_EN, BitPos(LCD_EN+0) 
;__Lib_Lcd.c,127 :: 		
0x0306	0xDE8D      	RCALL       _Delay_5500us
;__Lib_Lcd.c,130 :: 		
0x0308	0x8284      	BSF         LCD_EN, BitPos(LCD_EN+0) 
;__Lib_Lcd.c,131 :: 		
0x030A	0xDE88      	RCALL       _Delay_1us
;__Lib_Lcd.c,132 :: 		
0x030C	0x9284      	BCF         LCD_EN, BitPos(LCD_EN+0) 
;__Lib_Lcd.c,134 :: 		
0x030E	0x9A83      	BCF         LCD_D5, BitPos(LCD_D5+0) 
;__Lib_Lcd.c,135 :: 		
0x0310	0x8E83      	BSF         LCD_D7, BitPos(LCD_D7+0) 
;__Lib_Lcd.c,136 :: 		
0x0312	0x8284      	BSF         LCD_EN, BitPos(LCD_EN+0) 
;__Lib_Lcd.c,137 :: 		
0x0314	0xDE83      	RCALL       _Delay_1us
;__Lib_Lcd.c,138 :: 		
0x0316	0x9284      	BCF         LCD_EN, BitPos(LCD_EN+0) 
;__Lib_Lcd.c,139 :: 		
0x0318	0xDE84      	RCALL       _Delay_5500us
;__Lib_Lcd.c,142 :: 		
0x031A	0x9E83      	BCF         LCD_D7, BitPos(LCD_D7+0) 
;__Lib_Lcd.c,143 :: 		
0x031C	0x8883      	BSF         LCD_D4, BitPos(LCD_D4+0) 
;__Lib_Lcd.c,144 :: 		
0x031E	0x8284      	BSF         LCD_EN, BitPos(LCD_EN+0) 
;__Lib_Lcd.c,145 :: 		
0x0320	0xDE7D      	RCALL       _Delay_1us
;__Lib_Lcd.c,146 :: 		
0x0322	0x9284      	BCF         LCD_EN, BitPos(LCD_EN+0) 
;__Lib_Lcd.c,148 :: 		
0x0324	0x9883      	BCF         LCD_D4, BitPos(LCD_D4+0) 
;__Lib_Lcd.c,149 :: 		
0x0326	0x8284      	BSF         LCD_EN, BitPos(LCD_EN+0) 
;__Lib_Lcd.c,150 :: 		
0x0328	0xDE79      	RCALL       _Delay_1us
;__Lib_Lcd.c,151 :: 		
0x032A	0x9284      	BCF         LCD_EN, BitPos(LCD_EN+0) 
;__Lib_Lcd.c,152 :: 		
0x032C	0xDE7A      	RCALL       _Delay_5500us
;__Lib_Lcd.c,155 :: 		
0x032E	0x8284      	BSF         LCD_EN, BitPos(LCD_EN+0) 
;__Lib_Lcd.c,156 :: 		
0x0330	0xDE75      	RCALL       _Delay_1us
;__Lib_Lcd.c,157 :: 		
0x0332	0x9284      	BCF         LCD_EN, BitPos(LCD_EN+0) 
;__Lib_Lcd.c,159 :: 		
0x0334	0x8883      	BSF         LCD_D4, BitPos(LCD_D4+0) 
;__Lib_Lcd.c,160 :: 		
0x0336	0x8284      	BSF         LCD_EN, BitPos(LCD_EN+0) 
;__Lib_Lcd.c,161 :: 		
0x0338	0xDE71      	RCALL       _Delay_1us
;__Lib_Lcd.c,162 :: 		
0x033A	0x9284      	BCF         LCD_EN, BitPos(LCD_EN+0) 
;__Lib_Lcd.c,163 :: 		
0x033C	0xDE72      	RCALL       _Delay_5500us
;__Lib_Lcd.c,166 :: 		
0x033E	0x9883      	BCF         LCD_D4, BitPos(LCD_D4+0) 
;__Lib_Lcd.c,167 :: 		
0x0340	0x8284      	BSF         LCD_EN, BitPos(LCD_EN+0) 
;__Lib_Lcd.c,168 :: 		
0x0342	0xDE6C      	RCALL       _Delay_1us
;__Lib_Lcd.c,169 :: 		
0x0344	0x9284      	BCF         LCD_EN, BitPos(LCD_EN+0) 
;__Lib_Lcd.c,171 :: 		
0x0346	0x8E83      	BSF         LCD_D7, BitPos(LCD_D7+0) 
;__Lib_Lcd.c,172 :: 		
0x0348	0x8C83      	BSF         LCD_D6, BitPos(LCD_D6+0) 
;__Lib_Lcd.c,173 :: 		
0x034A	0x8A83      	BSF         LCD_D5, BitPos(LCD_D5+0) 
;__Lib_Lcd.c,174 :: 		
0x034C	0x8883      	BSF         LCD_D4, BitPos(LCD_D4+0) 
;__Lib_Lcd.c,175 :: 		
0x034E	0x8284      	BSF         LCD_EN, BitPos(LCD_EN+0) 
;__Lib_Lcd.c,176 :: 		
0x0350	0xDE65      	RCALL       _Delay_1us
;__Lib_Lcd.c,177 :: 		
0x0352	0x9284      	BCF         LCD_EN, BitPos(LCD_EN+0) 
;__Lib_Lcd.c,179 :: 		
0x0354	0xDE66      	RCALL       _Delay_5500us
;__Lib_Lcd.c,181 :: 		
0x0356	0x8027      	BSF         __Lib_Lcd_cmd_status, BitPos(__Lib_Lcd_cmd_status+0) 
;__Lib_Lcd.c,182 :: 		
L_end_Lcd_Init:
0x0358	0x0012      	RETURN      0
; end of _Lcd_Init
_WordToStr:
;__Lib_Conversions.c,84 :: 		
;__Lib_Conversions.c,89 :: 		
0x035A	0x6A3A      	CLRF        WordToStr_len_L0 
L_WordToStr6:
0x035C	0x0E05      	MOVLW       5
0x035E	0x5C3A      	SUBWF       WordToStr_len_L0, 0 
0x0360	0xE20A      	BC          L_WordToStr7
;__Lib_Conversions.c,90 :: 		
0x0362	0x503A      	MOVF        WordToStr_len_L0, 0 
0x0364	0x2438      	ADDWF       FARG_WordToStr_output, 0 
0x0366	0x6EE1      	MOVWF       FSR1 
0x0368	0x0E00      	MOVLW       0
0x036A	0x2039      	ADDWFC      FARG_WordToStr_output+1, 0 
0x036C	0x6EE2      	MOVWF       FSR1H 
0x036E	0x0E20      	MOVLW       32
0x0370	0x6EE6      	MOVWF       POSTINC1 
;__Lib_Conversions.c,89 :: 		
0x0372	0x2A3A      	INCF        WordToStr_len_L0, 1 
;__Lib_Conversions.c,90 :: 		
0x0374	0xD7F3      	BRA         L_WordToStr6
L_WordToStr7:
;__Lib_Conversions.c,91 :: 		
0x0376	0x503A      	MOVF        WordToStr_len_L0, 0 
0x0378	0x2438      	ADDWF       FARG_WordToStr_output, 0 
0x037A	0x6EE1      	MOVWF       FSR1 
0x037C	0x0E00      	MOVLW       0
0x037E	0x2039      	ADDWFC      FARG_WordToStr_output+1, 0 
0x0380	0x6EE2      	MOVWF       FSR1H 
0x0382	0x6AE6      	CLRF        POSTINC1 
0x0384	0x063A      	DECF        WordToStr_len_L0, 1 
;__Lib_Conversions.c,93 :: 		
L_WordToStr9:
;__Lib_Conversions.c,94 :: 		
0x0386	0x503A      	MOVF        WordToStr_len_L0, 0 
0x0388	0x2438      	ADDWF       FARG_WordToStr_output, 0 
0x038A	0x6E3B      	MOVWF       FLOC__WordToStr 
0x038C	0x0E00      	MOVLW       0
0x038E	0x2039      	ADDWFC      FARG_WordToStr_output+1, 0 
0x0390	0x6E3C      	MOVWF       FLOC__WordToStr+1 
0x0392	0x0E0A      	MOVLW       10
0x0394	0x6E04      	MOVWF       R4 
0x0396	0x0E00      	MOVLW       0
0x0398	0x6E05      	MOVWF       R5 
0x039A	0xF000C036  	MOVFF       FARG_WordToStr_input, R0
0x039E	0xF001C037  	MOVFF       FARG_WordToStr_input+1, R1
0x03A2	0xDEAB      	RCALL       _Div_16x16_U
0x03A4	0xF000C008  	MOVFF       R8, R0
0x03A8	0xF001C009  	MOVFF       R9, R1
0x03AC	0x0E30      	MOVLW       48
0x03AE	0x2600      	ADDWF       R0, 1 
0x03B0	0xFFE1C03B  	MOVFF       FLOC__WordToStr, FSR1
0x03B4	0xFFE2C03C  	MOVFF       FLOC__WordToStr+1, FSR1H
0x03B8	0xFFE6C000  	MOVFF       R0, POSTINC1
;__Lib_Conversions.c,95 :: 		
0x03BC	0x0E0A      	MOVLW       10
0x03BE	0x6E04      	MOVWF       R4 
0x03C0	0x0E00      	MOVLW       0
0x03C2	0x6E05      	MOVWF       R5 
0x03C4	0xF000C036  	MOVFF       FARG_WordToStr_input, R0
0x03C8	0xF001C037  	MOVFF       FARG_WordToStr_input+1, R1
0x03CC	0xDE96      	RCALL       _Div_16x16_U
0x03CE	0xF036C000  	MOVFF       R0, FARG_WordToStr_input
0x03D2	0xF037C001  	MOVFF       R1, FARG_WordToStr_input+1
;__Lib_Conversions.c,96 :: 		
0x03D6	0x0E00      	MOVLW       0
0x03D8	0x1801      	XORWF       R1, 0 
0x03DA	0xE102      	BNZ         L__WordToStr109
0x03DC	0x0E00      	MOVLW       0
0x03DE	0x1800      	XORWF       R0, 0 
L__WordToStr109:
0x03E0	0xE101      	BNZ         L_WordToStr11
;__Lib_Conversions.c,97 :: 		
0x03E2	0xD002      	BRA         L_WordToStr10
L_WordToStr11:
;__Lib_Conversions.c,98 :: 		
0x03E4	0x063A      	DECF        WordToStr_len_L0, 1 
;__Lib_Conversions.c,99 :: 		
0x03E6	0xD7CF      	BRA         L_WordToStr9
L_WordToStr10:
;__Lib_Conversions.c,100 :: 		
L_end_WordToStr:
0x03E8	0x0012      	RETURN      0
; end of _WordToStr
_Double2Word:
;__Lib_MathDouble.c,2023 :: 		
;__Lib_MathDouble.c,2032 :: 		
0x03EA	0x6A0B      	CLRF        R11, 0
;__Lib_MathDouble.c,2033 :: 		
0x03EC	0x6A0C      	CLRF        R12, 0
;__Lib_MathDouble.c,2034 :: 		
0x03EE	0x6A0A      	CLRF        R10, 0
;__Lib_MathDouble.c,2036 :: 		
0x03F0	0x5003      	MOVF        R3, 0, 0
;__Lib_MathDouble.c,2037 :: 		
0x03F2	0xB4D8      	BTFSC       STATUS, 2, 0
;__Lib_MathDouble.c,2038 :: 		
0x03F4	0xF002EF3F  	GOTO        IRES016U
;__Lib_MathDouble.c,2040 :: 		
0x03F8	0x8E02      	BSF         R2, 7, 0
;__Lib_MathDouble.c,2042 :: 		
0x03FA	0x0E8E      	MOVLW       142
;__Lib_MathDouble.c,2043 :: 		
0x03FC	0x5E03      	SUBWF       R3, 1, 0
;__Lib_MathDouble.c,2044 :: 		
0x03FE	0xBE03      	BTFSC       R3, 7, 0
;__Lib_MathDouble.c,2045 :: 		
0x0400	0xF002EF07  	GOTO        SETEXP16U
;__Lib_MathDouble.c,2046 :: 		
0x0404	0xB4D8      	BTFSC       STATUS, 2, 0
;__Lib_MathDouble.c,2047 :: 		
0x0406	0xF002EF07  	GOTO        SETEXP16U
;__Lib_MathDouble.c,2048 :: 		
0x040A	0xF002EF43  	GOTO        SETIOV16U
;__Lib_MathDouble.c,2049 :: 		
SETEXP16U:
;__Lib_MathDouble.c,2050 :: 		
0x040E	0x6C03      	NEGF        R3, 0
;__Lib_MathDouble.c,2052 :: 		
0x0410	0x0E08      	MOVLW       8
;__Lib_MathDouble.c,2053 :: 		
0x0412	0x5C03      	SUBWF       R3, 0, 0
;__Lib_MathDouble.c,2054 :: 		
0x0414	0xA0D8      	BTFSS       STATUS, 0, 0
;__Lib_MathDouble.c,2055 :: 		
0x0416	0xF002EF1E  	GOTO        TSHIFT3216U
;__Lib_MathDouble.c,2056 :: 		
0x041A	0x6E03      	MOVWF       R3, 0
;__Lib_MathDouble.c,2057 :: 		
0x041C	0x3601      	RLCF        R1, 1, 0
;__Lib_MathDouble.c,2058 :: 		
0x041E	0xF001C002  	MOVFF       R2, R1
;__Lib_MathDouble.c,2059 :: 		
0x0422	0x6A02      	CLRF        R2, 0
;__Lib_MathDouble.c,2061 :: 		
0x0424	0x0E08      	MOVLW       8
;__Lib_MathDouble.c,2062 :: 		
0x0426	0x5C03      	SUBWF       R3, 0, 0
;__Lib_MathDouble.c,2063 :: 		
0x0428	0xA0D8      	BTFSS       STATUS, 0, 0
;__Lib_MathDouble.c,2064 :: 		
0x042A	0xF002EF1E  	GOTO        TSHIFT3216U
;__Lib_MathDouble.c,2065 :: 		
0x042E	0x3601      	RLCF        R1, 1, 0
;__Lib_MathDouble.c,2066 :: 		
0x0430	0x6A01      	CLRF        R1, 0
;__Lib_MathDouble.c,2068 :: 		
0x0432	0x5003      	MOVF        R3, 0, 0
;__Lib_MathDouble.c,2069 :: 		
0x0434	0xA4D8      	BTFSS       STATUS, 2, 0
;__Lib_MathDouble.c,2070 :: 		
0x0436	0x90D8      	BCF         STATUS, 0, 0
;__Lib_MathDouble.c,2071 :: 		
0x0438	0xF002EF28  	GOTO        SHIFT3216UOK
;__Lib_MathDouble.c,2072 :: 		
TSHIFT3216U:
;__Lib_MathDouble.c,2073 :: 		
0x043C	0x5003      	MOVF        R3, 0, 0
;__Lib_MathDouble.c,2074 :: 		
0x043E	0xB4D8      	BTFSC       STATUS, 2, 0
;__Lib_MathDouble.c,2075 :: 		
0x0440	0xF002EF28  	GOTO        SHIFT3216UOK
;__Lib_MathDouble.c,2076 :: 		
SHIFT3216U:
;__Lib_MathDouble.c,2077 :: 		
0x0444	0x90D8      	BCF         STATUS, 0, 0
;__Lib_MathDouble.c,2078 :: 		
0x0446	0x3202      	RRCF        R2, 1, 0
;__Lib_MathDouble.c,2079 :: 		
0x0448	0x3201      	RRCF        R1, 1, 0
;__Lib_MathDouble.c,2080 :: 		
0x044A	0x2E03      	DECFSZ      R3, 1, 0
;__Lib_MathDouble.c,2081 :: 		
0x044C	0xF002EF22  	GOTO        SHIFT3216U
;__Lib_MathDouble.c,2082 :: 		
SHIFT3216UOK:
;__Lib_MathDouble.c,2083 :: 		
0x0450	0xBC0B      	BTFSC       R11, 6, 0
;__Lib_MathDouble.c,2084 :: 		
0x0452	0xA001      	BTFSS       R1, 0, 0
;__Lib_MathDouble.c,2085 :: 		
0x0454	0xF002EF35  	GOTO        INT3216UOK
;__Lib_MathDouble.c,2086 :: 		
0x0458	0xA0D8      	BTFSS       STATUS, 0, 0
;__Lib_MathDouble.c,2087 :: 		
0x045A	0xF002EF35  	GOTO        INT3216UOK
;__Lib_MathDouble.c,2088 :: 		
0x045E	0x2A01      	INCF        R1, 1, 0
;__Lib_MathDouble.c,2089 :: 		
0x0460	0xB4D8      	BTFSC       STATUS, 2, 0
;__Lib_MathDouble.c,2090 :: 		
0x0462	0x2A02      	INCF        R2, 1, 0
;__Lib_MathDouble.c,2091 :: 		
0x0464	0xBE02      	BTFSC       R2, 7, 0
;__Lib_MathDouble.c,2092 :: 		
0x0466	0xF002EF52  	GOTO        JPKSETIOV3224
;__Lib_MathDouble.c,2093 :: 		
INT3216UOK:
;__Lib_MathDouble.c,2094 :: 		
0x046A	0xAE0A      	BTFSS       R10, 7, 0
;__Lib_MathDouble.c,2095 :: 		
0x046C	0xF002EF57  	GOTO        INT3216UEOK
;__Lib_MathDouble.c,2097 :: 		
0x0470	0x1E02      	COMF        R2, 1, 0
;__Lib_MathDouble.c,2098 :: 		
0x0472	0x1E01      	COMF        R1, 1, 0
;__Lib_MathDouble.c,2099 :: 		
0x0474	0x2A01      	INCF        R1, 1, 0
;__Lib_MathDouble.c,2100 :: 		
0x0476	0xB4D8      	BTFSC       STATUS, 2, 0
;__Lib_MathDouble.c,2101 :: 		
0x0478	0x2A02      	INCF        R2, 1, 0
;__Lib_MathDouble.c,2102 :: 		
0x047A	0xF002EF57  	GOTO        INT3216UEOK
;__Lib_MathDouble.c,2104 :: 		
IRES016U:
;__Lib_MathDouble.c,2105 :: 		
0x047E	0x6A02      	CLRF        R2, 0
;__Lib_MathDouble.c,2106 :: 		
0x0480	0x6A01      	CLRF        R1, 0
;__Lib_MathDouble.c,2107 :: 		
0x0482	0xF002EF57  	GOTO        INT3216UEOK
;__Lib_MathDouble.c,2108 :: 		
SETIOV16U:
;__Lib_MathDouble.c,2109 :: 		
0x0486	0x800B      	BSF         R11, 0, 0
;__Lib_MathDouble.c,2110 :: 		
0x0488	0xAE0B      	BTFSS       R11, 7, 0
;__Lib_MathDouble.c,2111 :: 		
0x048A	0xF002EF5B  	GOTO        INT3216UEER
;__Lib_MathDouble.c,2113 :: 		
0x048E	0x6A02      	CLRF        R2, 0
;__Lib_MathDouble.c,2114 :: 		
0x0490	0xAE0A      	BTFSS       R10, 7, 0
;__Lib_MathDouble.c,2115 :: 		
0x0492	0xF002EF5B  	GOTO        INT3216UEER
;__Lib_MathDouble.c,2116 :: 		
0x0496	0x0EFF      	MOVLW       255
;__Lib_MathDouble.c,2117 :: 		
0x0498	0x6E02      	MOVWF       R2, 0
;__Lib_MathDouble.c,2118 :: 		
0x049A	0x6E01      	MOVWF       R1, 0
;__Lib_MathDouble.c,2119 :: 		
0x049C	0x360A      	RLCF        R10, 1, 0
;__Lib_MathDouble.c,2120 :: 		
0x049E	0x3202      	RRCF        R2, 1, 0
;__Lib_MathDouble.c,2121 :: 		
0x04A0	0xF002EF5B  	GOTO        INT3216UEER
;__Lib_MathDouble.c,2123 :: 		
JPKSETIOV3224:
;__Lib_MathDouble.c,2124 :: 		
0x04A4	0x0E01      	MOVLW       1
;__Lib_MathDouble.c,2125 :: 		
0x04A6	0x6E0C      	MOVWF       R12, 0
;__Lib_MathDouble.c,2127 :: 		
0x04A8	0xDE8E      	RCALL       _SETIOV3224
;__Lib_MathDouble.c,2129 :: 		
0x04AA	0xF002EF5D  	GOTO        INT3216UEEE
;__Lib_MathDouble.c,2130 :: 		
INT3216UEOK:
;__Lib_MathDouble.c,2131 :: 		
0x04AE	0x0E00      	MOVLW       0
;__Lib_MathDouble.c,2132 :: 		
0x04B0	0x6E0C      	MOVWF       R12, 0
;__Lib_MathDouble.c,2133 :: 		
0x04B2	0xF002EF5D  	GOTO        INT3216UEEE
;__Lib_MathDouble.c,2134 :: 		
INT3216UEER:
;__Lib_MathDouble.c,2135 :: 		
0x04B6	0x0EFF      	MOVLW       255
;__Lib_MathDouble.c,2136 :: 		
0x04B8	0x6E0C      	MOVWF       R12, 0
;__Lib_MathDouble.c,2137 :: 		
INT3216UEEE:
;__Lib_MathDouble.c,2138 :: 		
0x04BA	0x5001      	MOVF        R1, 0, 0
;__Lib_MathDouble.c,2139 :: 		
0x04BC	0x6E00      	MOVWF       R0, 0
;__Lib_MathDouble.c,2140 :: 		
0x04BE	0x5002      	MOVF        R2, 0, 0
;__Lib_MathDouble.c,2141 :: 		
0x04C0	0x6E01      	MOVWF       R1, 0
;__Lib_MathDouble.c,2146 :: 		
L_end_Double2Word:
0x04C2	0x0012      	RETURN      0
; end of _Double2Word
_Lcd_Out_CP:
;__Lib_Lcd.c,57 :: 		
;__Lib_Lcd.c,59 :: 		
0x04C4	0x6A38      	CLRF        Lcd_Out_CP_i_L0 
;__Lib_Lcd.c,60 :: 		
L_Lcd_Out_CP2:
0x04C6	0x5038      	MOVF        Lcd_Out_CP_i_L0, 0 
0x04C8	0x2436      	ADDWF       FARG_Lcd_Out_CP_text, 0 
0x04CA	0x6EE9      	MOVWF       FSR0 
0x04CC	0x0E00      	MOVLW       0
0x04CE	0x2037      	ADDWFC      FARG_Lcd_Out_CP_text+1, 0 
0x04D0	0x6EEA      	MOVWF       FSR0H 
0x04D2	0x52EE      	MOVF        POSTINC0, 1 
0x04D4	0xE00B      	BZ          L_Lcd_Out_CP3
;__Lib_Lcd.c,61 :: 		
0x04D6	0x5038      	MOVF        Lcd_Out_CP_i_L0, 0 
0x04D8	0x2436      	ADDWF       FARG_Lcd_Out_CP_text, 0 
0x04DA	0x6EE9      	MOVWF       FSR0 
0x04DC	0x0E00      	MOVLW       0
0x04DE	0x2037      	ADDWFC      FARG_Lcd_Out_CP_text+1, 0 
0x04E0	0x6EEA      	MOVWF       FSR0H 
0x04E2	0xF03DCFEE  	MOVFF       POSTINC0, FARG_Lcd_Chr_CP_out_char
0x04E6	0xDE5D      	RCALL       _Lcd_Chr_CP
0x04E8	0x2A38      	INCF        Lcd_Out_CP_i_L0, 1 
;__Lib_Lcd.c,62 :: 		
0x04EA	0xD7ED      	BRA         L_Lcd_Out_CP2
L_Lcd_Out_CP3:
;__Lib_Lcd.c,63 :: 		
L_end_Lcd_Out_CP:
0x04EC	0x0012      	RETURN      0
; end of _Lcd_Out_CP
_Mul_32x32_FP:
;__Lib_MathDouble.c,1130 :: 		
;__Lib_MathDouble.c,1148 :: 		
0x04EE	0x6A08      	CLRF        R8, 0
;__Lib_MathDouble.c,1149 :: 		
0x04F0	0x6A09      	CLRF        R9, 0
;__Lib_MathDouble.c,1151 :: 		
0x04F2	0x0E00      	MOVLW       0
;__Lib_MathDouble.c,1152 :: 		
0x04F4	0x6207      	CPFSEQ      R7, 0
;__Lib_MathDouble.c,1153 :: 		
0x04F6	0x6403      	CPFSGT      R3, 0
;__Lib_MathDouble.c,1154 :: 		
0x04F8	0xF002EFFC  	GOTO        MULJPRES032
;__Lib_MathDouble.c,1157 :: 		
0x04FC	0x5002      	MOVF        R2, 0, 0
;__Lib_MathDouble.c,1158 :: 		
0x04FE	0x1806      	XORWF       R6, 0, 0
;__Lib_MathDouble.c,1159 :: 		
0x0500	0x6E0A      	MOVWF       R10, 0
;__Lib_MathDouble.c,1161 :: 		
0x0502	0x5007      	MOVF        R7, 0, 0
;__Lib_MathDouble.c,1162 :: 		
0x0504	0x2603      	ADDWF       R3, 1, 0
;__Lib_MathDouble.c,1163 :: 		
0x0506	0x0E7E      	MOVLW       126
;__Lib_MathDouble.c,1164 :: 		
0x0508	0xA0D8      	BTFSS       STATUS, 0, 0
;__Lib_MathDouble.c,1165 :: 		
0x050A	0xF002EF8D  	GOTO        MTUN32
;__Lib_MathDouble.c,1167 :: 		
0x050E	0x5E03      	SUBWF       R3, 1, 0
;__Lib_MathDouble.c,1168 :: 		
0x0510	0xB0D8      	BTFSC       STATUS, 0, 0
;__Lib_MathDouble.c,1169 :: 		
0x0512	0xF003EF00  	GOTO        MULJPSETFOV32
;__Lib_MathDouble.c,1170 :: 		
0x0516	0xF002EF91  	GOTO        MOK32
;__Lib_MathDouble.c,1172 :: 		
MTUN32:
;__Lib_MathDouble.c,1173 :: 		
0x051A	0x5E03      	SUBWF       R3, 1, 0
;__Lib_MathDouble.c,1174 :: 		
0x051C	0xA0D8      	BTFSS       STATUS, 0, 0
;__Lib_MathDouble.c,1175 :: 		
0x051E	0xF003EF04  	GOTO        MULJPSETFUN32
;__Lib_MathDouble.c,1177 :: 		
MOK32:
;__Lib_MathDouble.c,1178 :: 		
0x0522	0x8E02      	BSF         R2, 7, 0
;__Lib_MathDouble.c,1179 :: 		
0x0524	0x8E06      	BSF         R6, 7, 0
;__Lib_MathDouble.c,1181 :: 		
0x0526	0xF00EC002  	MOVFF       R2, R14
;__Lib_MathDouble.c,1182 :: 		
0x052A	0xF00BC001  	MOVFF       R1, R11
;__Lib_MathDouble.c,1183 :: 		
0x052E	0xF00DC000  	MOVFF       R0, R13
;__Lib_MathDouble.c,1185 :: 		
0x0532	0x5000      	MOVF        R0, 0, 0
;__Lib_MathDouble.c,1186 :: 		
0x0534	0x0204      	MULWF       R4, 0
;__Lib_MathDouble.c,1187 :: 		
0x0536	0xF00CCFF4  	MOVFF       PRODH, R12
;__Lib_MathDouble.c,1189 :: 		
0x053A	0x5001      	MOVF        R1, 0, 0
;__Lib_MathDouble.c,1190 :: 		
0x053C	0x0205      	MULWF       R5, 0
;__Lib_MathDouble.c,1191 :: 		
0x053E	0xF000CFF4  	MOVFF       PRODH, R0
;__Lib_MathDouble.c,1192 :: 		
0x0542	0xF008CFF3  	MOVFF       PRODL, R8
;__Lib_MathDouble.c,1194 :: 		
0x0546	0x0204      	MULWF       R4, 0
;__Lib_MathDouble.c,1195 :: 		
0x0548	0x50F3      	MOVF        PRODL, 0, 0
;__Lib_MathDouble.c,1196 :: 		
0x054A	0x260C      	ADDWF       R12, 1, 0
;__Lib_MathDouble.c,1197 :: 		
0x054C	0x50F4      	MOVF        PRODH, 0, 0
;__Lib_MathDouble.c,1198 :: 		
0x054E	0x2208      	ADDWFC      R8, 1, 0
;__Lib_MathDouble.c,1199 :: 		
0x0550	0x0E00      	MOVLW       0
;__Lib_MathDouble.c,1200 :: 		
0x0552	0x2200      	ADDWFC      R0, 1, 0
;__Lib_MathDouble.c,1202 :: 		
0x0554	0x500D      	MOVF        R13, 0, 0
;__Lib_MathDouble.c,1203 :: 		
0x0556	0x0205      	MULWF       R5, 0
;__Lib_MathDouble.c,1204 :: 		
0x0558	0x50F3      	MOVF        PRODL, 0, 0
;__Lib_MathDouble.c,1205 :: 		
0x055A	0x260C      	ADDWF       R12, 1, 0
;__Lib_MathDouble.c,1206 :: 		
0x055C	0x50F4      	MOVF        PRODH, 0, 0
;__Lib_MathDouble.c,1207 :: 		
0x055E	0x2208      	ADDWFC      R8, 1, 0
;__Lib_MathDouble.c,1208 :: 		
0x0560	0x0E00      	MOVLW       0
;__Lib_MathDouble.c,1209 :: 		
0x0562	0x2200      	ADDWFC      R0, 1, 0
;__Lib_MathDouble.c,1211 :: 		
0x0564	0x5002      	MOVF        R2, 0, 0
;__Lib_MathDouble.c,1212 :: 		
0x0566	0x0204      	MULWF       R4, 0
;__Lib_MathDouble.c,1213 :: 		
0x0568	0x50F3      	MOVF        PRODL, 0, 0
;__Lib_MathDouble.c,1214 :: 		
0x056A	0x2608      	ADDWF       R8, 1, 0
;__Lib_MathDouble.c,1215 :: 		
0x056C	0x50F4      	MOVF        PRODH, 0, 0
;__Lib_MathDouble.c,1216 :: 		
0x056E	0x2200      	ADDWFC      R0, 1, 0
;__Lib_MathDouble.c,1217 :: 		
0x0570	0x5002      	MOVF        R2, 0, 0
;__Lib_MathDouble.c,1218 :: 		
0x0572	0x0205      	MULWF       R5, 0
;__Lib_MathDouble.c,1219 :: 		
0x0574	0x6A01      	CLRF        R1, 0
;__Lib_MathDouble.c,1220 :: 		
0x0576	0x0E00      	MOVLW       0
;__Lib_MathDouble.c,1221 :: 		
0x0578	0x2201      	ADDWFC      R1, 1, 0
;__Lib_MathDouble.c,1222 :: 		
0x057A	0x50F3      	MOVF        PRODL, 0, 0
;__Lib_MathDouble.c,1223 :: 		
0x057C	0x2600      	ADDWF       R0, 1, 0
;__Lib_MathDouble.c,1224 :: 		
0x057E	0x50F4      	MOVF        PRODH, 0, 0
;__Lib_MathDouble.c,1225 :: 		
0x0580	0x2201      	ADDWFC      R1, 1, 0
;__Lib_MathDouble.c,1227 :: 		
0x0582	0x500D      	MOVF        R13, 0, 0
;__Lib_MathDouble.c,1228 :: 		
0x0584	0x0206      	MULWF       R6, 0
;__Lib_MathDouble.c,1229 :: 		
0x0586	0x50F3      	MOVF        PRODL, 0, 0
;__Lib_MathDouble.c,1230 :: 		
0x0588	0x2608      	ADDWF       R8, 1, 0
;__Lib_MathDouble.c,1231 :: 		
0x058A	0x50F4      	MOVF        PRODH, 0, 0
;__Lib_MathDouble.c,1232 :: 		
0x058C	0x2200      	ADDWFC      R0, 1, 0
;__Lib_MathDouble.c,1233 :: 		
0x058E	0x6A02      	CLRF        R2, 0
;__Lib_MathDouble.c,1234 :: 		
0x0590	0x0E00      	MOVLW       0
;__Lib_MathDouble.c,1235 :: 		
0x0592	0x2201      	ADDWFC      R1, 1, 0
;__Lib_MathDouble.c,1236 :: 		
0x0594	0x2202      	ADDWFC      R2, 1, 0
;__Lib_MathDouble.c,1238 :: 		
0x0596	0x500B      	MOVF        R11, 0, 0
;__Lib_MathDouble.c,1239 :: 		
0x0598	0x0206      	MULWF       R6, 0
;__Lib_MathDouble.c,1240 :: 		
0x059A	0x50F3      	MOVF        PRODL, 0, 0
;__Lib_MathDouble.c,1241 :: 		
0x059C	0x2600      	ADDWF       R0, 1, 0
;__Lib_MathDouble.c,1242 :: 		
0x059E	0x50F4      	MOVF        PRODH, 0, 0
;__Lib_MathDouble.c,1243 :: 		
0x05A0	0x2201      	ADDWFC      R1, 1, 0
;__Lib_MathDouble.c,1244 :: 		
0x05A2	0x0E00      	MOVLW       0
;__Lib_MathDouble.c,1245 :: 		
0x05A4	0x2202      	ADDWFC      R2, 1, 0
;__Lib_MathDouble.c,1247 :: 		
0x05A6	0x500E      	MOVF        R14, 0, 0
;__Lib_MathDouble.c,1248 :: 		
0x05A8	0x0206      	MULWF       R6, 0
;__Lib_MathDouble.c,1249 :: 		
0x05AA	0x50F3      	MOVF        PRODL, 0, 0
;__Lib_MathDouble.c,1250 :: 		
0x05AC	0x2601      	ADDWF       R1, 1, 0
;__Lib_MathDouble.c,1251 :: 		
0x05AE	0x50F4      	MOVF        PRODH, 0, 0
;__Lib_MathDouble.c,1252 :: 		
0x05B0	0x2202      	ADDWFC      R2, 1, 0
;__Lib_MathDouble.c,1254 :: 		
0x05B2	0xBE02      	BTFSC       R2, 7, 0
;__Lib_MathDouble.c,1255 :: 		
0x05B4	0xF002EFE4  	GOTO        MROUND32
;__Lib_MathDouble.c,1256 :: 		
0x05B8	0x3608      	RLCF        R8, 1, 0
;__Lib_MathDouble.c,1257 :: 		
0x05BA	0x3600      	RLCF        R0, 1, 0
;__Lib_MathDouble.c,1258 :: 		
0x05BC	0x3601      	RLCF        R1, 1, 0
;__Lib_MathDouble.c,1259 :: 		
0x05BE	0x3602      	RLCF        R2, 1, 0
;__Lib_MathDouble.c,1260 :: 		
0x05C0	0x0603      	DECF        R3, 1, 0
;__Lib_MathDouble.c,1261 :: 		
0x05C2	0xB4D8      	BTFSC       STATUS, 2, 0
;__Lib_MathDouble.c,1262 :: 		
0x05C4	0xF003EF04  	GOTO        MULJPSETFUN32
;__Lib_MathDouble.c,1264 :: 		
MROUND32:
;__Lib_MathDouble.c,1267 :: 		
0x05C8	0xF002EFF7  	GOTO        MUL32OK
;__Lib_MathDouble.c,1268 :: 		
0x05CC	0x80D8      	BSF         STATUS, 0, 0
;__Lib_MathDouble.c,1269 :: 		
0x05CE	0x0E80      	MOVLW       128
;__Lib_MathDouble.c,1270 :: 		
0x05D0	0x6408      	CPFSGT      R8, 0
;__Lib_MathDouble.c,1271 :: 		
0x05D2	0x3000      	RRCF        R0, 0, 0
;__Lib_MathDouble.c,1272 :: 		
0x05D4	0x0E00      	MOVLW       0
;__Lib_MathDouble.c,1273 :: 		
0x05D6	0x2200      	ADDWFC      R0, 1, 0
;__Lib_MathDouble.c,1274 :: 		
0x05D8	0x2201      	ADDWFC      R1, 1, 0
;__Lib_MathDouble.c,1275 :: 		
0x05DA	0x2202      	ADDWFC      R2, 1, 0
;__Lib_MathDouble.c,1277 :: 		
0x05DC	0xA0D8      	BTFSS       STATUS, 0, 0
;__Lib_MathDouble.c,1278 :: 		
0x05DE	0xF002EFF7  	GOTO        MUL32OK
;__Lib_MathDouble.c,1279 :: 		
0x05E2	0x3202      	RRCF        R2, 1, 0
;__Lib_MathDouble.c,1280 :: 		
0x05E4	0x3201      	RRCF        R1, 1, 0
;__Lib_MathDouble.c,1281 :: 		
0x05E6	0x3200      	RRCF        R0, 1, 0
;__Lib_MathDouble.c,1282 :: 		
0x05E8	0x4A03      	INFSNZ      R3, 1, 0
;__Lib_MathDouble.c,1283 :: 		
0x05EA	0xF003EF00  	GOTO        MULJPSETFOV32
;__Lib_MathDouble.c,1285 :: 		
MUL32OK:
;__Lib_MathDouble.c,1286 :: 		
0x05EE	0xAE0A      	BTFSS       R10, 7, 0
;__Lib_MathDouble.c,1287 :: 		
0x05F0	0x9E02      	BCF         R2, 7, 0
;__Lib_MathDouble.c,1289 :: 		
0x05F2	0x0E00      	MOVLW       0
;__Lib_MathDouble.c,1290 :: 		
0x05F4	0xF003EF06  	GOTO        MULEEE
;__Lib_MathDouble.c,1291 :: 		
MULJPRES032:
;__Lib_MathDouble.c,1292 :: 		
0x05F8	0x0E01      	MOVLW       1
;__Lib_MathDouble.c,1295 :: 		
0x05FA	0xDD65      	RCALL       _RES032
;__Lib_MathDouble.c,1297 :: 		
0x05FC	0xF003EF06  	GOTO        MULEEE
;__Lib_MathDouble.c,1298 :: 		
MULJPSETFOV32:
;__Lib_MathDouble.c,1299 :: 		
0x0600	0x0E02      	MOVLW       2
;__Lib_MathDouble.c,1302 :: 		
0x0602	0xDDD5      	RCALL       _SETFOV32
;__Lib_MathDouble.c,1304 :: 		
0x0604	0xF003EF06  	GOTO        MULEEE
;__Lib_MathDouble.c,1305 :: 		
MULJPSETFUN32:
;__Lib_MathDouble.c,1306 :: 		
0x0608	0x0E04      	MOVLW       4
;__Lib_MathDouble.c,1309 :: 		
0x060A	0xDD64      	RCALL       _SETFUN32
;__Lib_MathDouble.c,1311 :: 		
MULEEE:
;__Lib_MathDouble.c,1318 :: 		
L_end_Mul_32x32_FP:
0x060C	0x0012      	RETURN      0
; end of _Mul_32x32_FP
_PWM1_Start:
;__Lib_PWM_c21.c,54 :: 		
;__Lib_PWM_c21.c,55 :: 		
0x060E	0x9494      	BCF         TRISC2_bit, 2 
;__Lib_PWM_c21.c,56 :: 		
0x0610	0x84CA      	BSF         T2CON, 2 
;__Lib_PWM_c21.c,57 :: 		
0x0612	0x0E0C      	MOVLW       12
0x0614	0x12BD      	IORWF       CCP1CON, 1 
;__Lib_PWM_c21.c,58 :: 		
L_end_PWM1_Start:
0x0616	0x0012      	RETURN      0
; end of _PWM1_Start
_PWM1_Set_Duty:
;__Lib_PWM_c21.c,43 :: 		
;__Lib_PWM_c21.c,47 :: 		
0x0618	0x50CB      	MOVF        PR2, 0 
0x061A	0x0F01      	ADDLW       1
0x061C	0x6E00      	MOVWF       R0 
0x061E	0x6A01      	CLRF        R1 
0x0620	0x0E00      	MOVLW       0
0x0622	0x2201      	ADDWFC      R1, 1 
0x0624	0xF004C036  	MOVFF       FARG_PWM1_Set_Duty_new_duty, R4
0x0628	0x0E00      	MOVLW       0
0x062A	0x6E05      	MOVWF       R5 
0x062C	0xDDDA      	RCALL       _Mul_16x16_U
0x062E	0x0E06      	MOVLW       6
0x0630	0x6E02      	MOVWF       R2 
0x0632	0xF004C000  	MOVFF       R0, R4
0x0636	0xF005C001  	MOVFF       R1, R5
0x063A	0x5002      	MOVF        R2, 0 
L__PWM1_Set_Duty10:
0x063C	0xE005      	BZ          L__PWM1_Set_Duty11
0x063E	0x3205      	RRCF        R5, 1 
0x0640	0x3204      	RRCF        R4, 1 
0x0642	0x9E05      	BCF         R5, 7 
0x0644	0x0FFF      	ADDLW       255
0x0646	0xD7FA      	BRA         L__PWM1_Set_Duty10
L__PWM1_Set_Duty11:
;__Lib_PWM_c21.c,48 :: 		
0x0648	0x0E04      	MOVLW       4
0x064A	0x6E01      	MOVWF       R1 
0x064C	0xF000C004  	MOVFF       R4, R0
0x0650	0x5001      	MOVF        R1, 0 
L__PWM1_Set_Duty12:
0x0652	0xE004      	BZ          L__PWM1_Set_Duty13
0x0654	0x3600      	RLCF        R0, 1 
0x0656	0x9000      	BCF         R0, 0 
0x0658	0x0FFF      	ADDLW       255
0x065A	0xD7FB      	BRA         L__PWM1_Set_Duty12
L__PWM1_Set_Duty13:
0x065C	0x0E30      	MOVLW       48
0x065E	0x1400      	ANDWF       R0, 0 
0x0660	0x6E03      	MOVWF       R3 
;__Lib_PWM_c21.c,49 :: 		
0x0662	0xF000C004  	MOVFF       R4, R0
0x0666	0xF001C005  	MOVFF       R5, R1
0x066A	0x3201      	RRCF        R1, 1 
0x066C	0x3200      	RRCF        R0, 1 
0x066E	0x9E01      	BCF         R1, 7 
0x0670	0x3201      	RRCF        R1, 1 
0x0672	0x3200      	RRCF        R0, 1 
0x0674	0x9E01      	BCF         R1, 7 
0x0676	0xFFBEC000  	MOVFF       R0, CCPR1L
;__Lib_PWM_c21.c,50 :: 		
0x067A	0x0E0F      	MOVLW       15
0x067C	0x16BD      	ANDWF       CCP1CON, 1 
;__Lib_PWM_c21.c,51 :: 		
0x067E	0x5003      	MOVF        R3, 0 
0x0680	0x12BD      	IORWF       CCP1CON, 1 
;__Lib_PWM_c21.c,52 :: 		
L_end_PWM1_Set_Duty:
0x0682	0x0012      	RETURN      0
; end of _PWM1_Set_Duty
_Word2Double:
;__Lib_MathDouble.c,2335 :: 		
;__Lib_MathDouble.c,2344 :: 		
0x0684	0x5000      	MOVF        R0, 0, 0
;__Lib_MathDouble.c,2345 :: 		
0x0686	0x6E08      	MOVWF       R8, 0
;__Lib_MathDouble.c,2346 :: 		
0x0688	0x5001      	MOVF        R1, 0, 0
;__Lib_MathDouble.c,2347 :: 		
0x068A	0x6E00      	MOVWF       R0, 0
;__Lib_MathDouble.c,2348 :: 		
0x068C	0x6A01      	CLRF        R1, 0
;__Lib_MathDouble.c,2349 :: 		
0x068E	0x6A02      	CLRF        R2, 0
;__Lib_MathDouble.c,2350 :: 		
0x0690	0x6A03      	CLRF        R3, 0
;__Lib_MathDouble.c,2353 :: 		
0x0692	0x6A0B      	CLRF        R11, 0
;__Lib_MathDouble.c,2354 :: 		
0x0694	0x6A0C      	CLRF        R12, 0
;__Lib_MathDouble.c,2356 :: 		
0x0696	0x0E96      	MOVLW       150
;__Lib_MathDouble.c,2357 :: 		
0x0698	0x6E03      	MOVWF       R3, 0
;__Lib_MathDouble.c,2358 :: 		
0x069A	0x6A0A      	CLRF        R10, 0
;__Lib_MathDouble.c,2360 :: 		
0x069C	0xF001C000  	MOVFF       R0, R1
;__Lib_MathDouble.c,2361 :: 		
0x06A0	0xF000C008  	MOVFF       R8, R0
;__Lib_MathDouble.c,2362 :: 		
0x06A4	0x6A08      	CLRF        R8, 0
;__Lib_MathDouble.c,2363 :: 		
0x06A6	0x6A02      	CLRF        R2, 0
;__Lib_MathDouble.c,2365 :: 		
0x06A8	0xDD43      	RCALL       _NRM3232
;__Lib_MathDouble.c,2366 :: 		
L_end_Word2Double:
0x06AA	0x0012      	RETURN      0
; end of _Word2Double
_ADC_Read:
;__Lib_ADC_A_D.c,35 :: 		
;__Lib_ADC_A_D.c,38 :: 		
0x06AC	0x6AC2      	CLRF        ADCON0 
;__Lib_ADC_A_D.c,39 :: 		
0x06AE	0x0E07      	MOVLW       7
0x06B0	0x12C0      	IORWF       ADCON2, 1 
;__Lib_ADC_A_D.c,40 :: 		
0x06B2	0x8EC0      	BSF         ADCON2, 7 
;__Lib_ADC_A_D.c,41 :: 		
0x06B4	0xF000C036  	MOVFF       FARG_ADC_Read_channel, R0
0x06B8	0x3600      	RLCF        R0, 1 
0x06BA	0x9000      	BCF         R0, 0 
0x06BC	0x3600      	RLCF        R0, 1 
0x06BE	0x9000      	BCF         R0, 0 
0x06C0	0x5000      	MOVF        R0, 0 
0x06C2	0x12C2      	IORWF       ADCON0, 1 
;__Lib_ADC_A_D.c,42 :: 		
0x06C4	0x80C2      	BSF         ADCON0, 0 
;__Lib_ADC_A_D.c,43 :: 		
0x06C6	0xDD13      	RCALL       _Delay_22us
;__Lib_ADC_A_D.c,44 :: 		
0x06C8	0x82C2      	BSF         ADCON0, 1 
;__Lib_ADC_A_D.c,45 :: 		
L_ADC_Read2:
0x06CA	0xA2C2      	BTFSS       ADCON0, 1 
0x06CC	0xD001      	BRA         L_ADC_Read3
;__Lib_ADC_A_D.c,46 :: 		
0x06CE	0xD7FD      	BRA         L_ADC_Read2
L_ADC_Read3:
;__Lib_ADC_A_D.c,47 :: 		
0x06D0	0xF001CFC4  	MOVFF       ADRESH, R1
0x06D4	0x6A00      	CLRF        R0 
;__Lib_ADC_A_D.c,48 :: 		
0x06D6	0x50C3      	MOVF        ADRESL, 0 
0x06D8	0x1200      	IORWF       R0, 1 
0x06DA	0x0E00      	MOVLW       0
0x06DC	0x1201      	IORWF       R1, 1 
;__Lib_ADC_A_D.c,49 :: 		
0x06DE	0x90C2      	BCF         ADCON0, 0 
;__Lib_ADC_A_D.c,51 :: 		
;__Lib_ADC_A_D.c,52 :: 		
L_end_ADC_Read:
0x06E0	0x0012      	RETURN      0
; end of _ADC_Read
_main:
0x06E2	0xF004EC0B  	CALL        2070, 0
;ControleVentiladorRPM.c,26 :: 		void main()
;ControleVentiladorRPM.c,30 :: 		unsigned int leituraAD = 0; //  leitura AD.
0x06E6	0x6A34      	CLRF        main_leituraAD_L0 
0x06E8	0x6A35      	CLRF        main_leituraAD_L0+1 
;ControleVentiladorRPM.c,33 :: 		TRISB = 0;                        //  saida.
0x06EA	0x6A93      	CLRF        TRISB 
;ControleVentiladorRPM.c,34 :: 		TRISD = 0;                        //  saida.
0x06EC	0x6A95      	CLRF        TRISD 
;ControleVentiladorRPM.c,35 :: 		TRISC.RC0 = 1;                    //  pORTC.RC0 entrada.
0x06EE	0x8094      	BSF         TRISC, 0 
;ControleVentiladorRPM.c,36 :: 		TRISC.RC2 = 0;                    //  pORTC.RC2 saida.
0x06F0	0x9494      	BCF         TRISC, 2 
;ControleVentiladorRPM.c,37 :: 		TRISE = 0;                        //  saida.
0x06F2	0x6A96      	CLRF        TRISE 
;ControleVentiladorRPM.c,38 :: 		PORTB = 0;                        //  saidas
0x06F4	0x6A81      	CLRF        PORTB 
;ControleVentiladorRPM.c,42 :: 		INTCON.GIEH = 1;
0x06F6	0x8EF2      	BSF         INTCON, 7 
;ControleVentiladorRPM.c,43 :: 		INTCON.GIEL = 1;
0x06F8	0x8CF2      	BSF         INTCON, 6 
;ControleVentiladorRPM.c,44 :: 		RCON.IPEN = 1;
0x06FA	0x8ED0      	BSF         RCON, 7 
;ControleVentiladorRPM.c,47 :: 		INTCON.TMR0IF = 0;
0x06FC	0x94F2      	BCF         INTCON, 2 
;ControleVentiladorRPM.c,48 :: 		INTCON2.TMR0IP = 1;
0x06FE	0x84F1      	BSF         INTCON2, 2 
;ControleVentiladorRPM.c,49 :: 		INTCON.TMR0IE = 1;
0x0700	0x8AF2      	BSF         INTCON, 5 
;ControleVentiladorRPM.c,51 :: 		T0CON = 0B10000100;
0x0702	0x0E84      	MOVLW       132
0x0704	0x6ED5      	MOVWF       T0CON 
;ControleVentiladorRPM.c,52 :: 		TMR0L = 0X7B;
0x0706	0x0E7B      	MOVLW       123
0x0708	0x6ED6      	MOVWF       TMR0L 
;ControleVentiladorRPM.c,53 :: 		TMR0H = 0XE1;
0x070A	0x0EE1      	MOVLW       225
0x070C	0x6ED7      	MOVWF       TMR0H 
;ControleVentiladorRPM.c,54 :: 		INTCON.TMR0IF = 0;
0x070E	0x94F2      	BCF         INTCON, 2 
;ControleVentiladorRPM.c,57 :: 		T1CON = 0B10000011;
0x0710	0x0E83      	MOVLW       131
0x0712	0x6ECD      	MOVWF       T1CON 
;ControleVentiladorRPM.c,58 :: 		TMR1L = 0;
0x0714	0x6ACE      	CLRF        TMR1L 
;ControleVentiladorRPM.c,59 :: 		TMR1H = 0;
0x0716	0x6ACF      	CLRF        TMR1H 
;ControleVentiladorRPM.c,60 :: 		PIR1.TMR1IF = 0;
0x0718	0x909E      	BCF         PIR1, 0 
;ControleVentiladorRPM.c,63 :: 		ADCON0 = 0b00000001;
0x071A	0x0E01      	MOVLW       1
0x071C	0x6EC2      	MOVWF       ADCON0 
;ControleVentiladorRPM.c,64 :: 		ADCON1 = 0b00001110;
0x071E	0x0E0E      	MOVLW       14
0x0720	0x6EC1      	MOVWF       ADCON1 
;ControleVentiladorRPM.c,65 :: 		ADCON2 = 0b10111110;
0x0722	0x0EBE      	MOVLW       190
0x0724	0x6EC0      	MOVWF       ADCON2 
;ControleVentiladorRPM.c,67 :: 		Lcd_Init();                               // Inicializa LCD.
0x0726	0xDDCE      	RCALL       _Lcd_Init
;ControleVentiladorRPM.c,69 :: 		Lcd_Cmd(_LCD_CLEAR);                      // apaga display.
0x0728	0x0E01      	MOVLW       1
0x072A	0x6E3E      	MOVWF       FARG_Lcd_Cmd_out_char 
0x072C	0xDC8E      	RCALL       _Lcd_Cmd
;ControleVentiladorRPM.c,70 :: 		Lcd_Cmd(_LCD_CURSOR_OFF);                 // desliga cursor.
0x072E	0x0E0C      	MOVLW       12
0x0730	0x6E3E      	MOVWF       FARG_Lcd_Cmd_out_char 
0x0732	0xDC8B      	RCALL       _Lcd_Cmd
;ControleVentiladorRPM.c,71 :: 		Lcd_Out(1, 1, "Duty Cycle: ");            // imprime linha 1 coluna1
0x0734	0x0E01      	MOVLW       1
0x0736	0x6E36      	MOVWF       FARG_Lcd_Out_row 
0x0738	0x0E01      	MOVLW       1
0x073A	0x6E37      	MOVWF       FARG_Lcd_Out_column 
0x073C	0x0E1A      	MOVLW       ?lstr1_ControleVentiladorRPM
0x073E	0x6E38      	MOVWF       FARG_Lcd_Out_text 
0x0740	0x0E00      	MOVLW       hi_addr(?lstr1_ControleVentiladorRPM)
0x0742	0x6E39      	MOVWF       FARG_Lcd_Out_text+1 
0x0744	0xDD82      	RCALL       _Lcd_Out
;ControleVentiladorRPM.c,73 :: 		PWM1_Init(5000);                  // 1nicializa mdulo PWM 5Khz
0x0746	0x80CA      	BSF         T2CON, 0, 0
0x0748	0x92CA      	BCF         T2CON, 1, 0
0x074A	0x0E63      	MOVLW       99
0x074C	0x6ECB      	MOVWF       PR2, 0
0x074E	0xDD71      	RCALL       _PWM1_Init
;ControleVentiladorRPM.c,74 :: 		PWM1_Set_Duty(255);               //duty-cycle do PWM em 100%.   1 byte
0x0750	0x0EFF      	MOVLW       255
0x0752	0x6E36      	MOVWF       FARG_PWM1_Set_Duty_new_duty 
0x0754	0xDF61      	RCALL       _PWM1_Set_Duty
;ControleVentiladorRPM.c,75 :: 		PWM1_Start();                     // inicia PWM.
0x0756	0xDF5B      	RCALL       _PWM1_Start
;ControleVentiladorRPM.c,77 :: 		while(1){
L_main0:
;ControleVentiladorRPM.c,79 :: 		leituraAD= ADC_Read(0);          // l Canal AD em uso
0x0758	0x6A36      	CLRF        FARG_ADC_Read_channel 
0x075A	0xDFA8      	RCALL       _ADC_Read
0x075C	0xF034C000  	MOVFF       R0, main_leituraAD_L0
0x0760	0xF035C001  	MOVFF       R1, main_leituraAD_L0+1
;ControleVentiladorRPM.c,80 :: 		LeituraAD=(leituraAD*0.24);     // converte  duty cycle 255/1023
0x0764	0xDF8F      	RCALL       _Word2Double
0x0766	0x0E8F      	MOVLW       143
0x0768	0x6E04      	MOVWF       R4 
0x076A	0x0EC2      	MOVLW       194
0x076C	0x6E05      	MOVWF       R5 
0x076E	0x0E75      	MOVLW       117
0x0770	0x6E06      	MOVWF       R6 
0x0772	0x0E7C      	MOVLW       124
0x0774	0x6E07      	MOVWF       R7 
0x0776	0xDEBB      	RCALL       _Mul_32x32_FP
0x0778	0xDE38      	RCALL       _Double2Word
0x077A	0xF034C000  	MOVFF       R0, main_leituraAD_L0
0x077E	0xF035C001  	MOVFF       R1, main_leituraAD_L0+1
;ControleVentiladorRPM.c,81 :: 		PWM1_Set_Duty(leituraAD);        // envia o valor p/ PWM
0x0782	0xF036C000  	MOVFF       R0, FARG_PWM1_Set_Duty_new_duty
0x0786	0xDF48      	RCALL       _PWM1_Set_Duty
;ControleVentiladorRPM.c,82 :: 		leituraAD=(leituraAD*0.41);     // converte  duty cycle em %
0x0788	0xF000C034  	MOVFF       main_leituraAD_L0, R0
0x078C	0xF001C035  	MOVFF       main_leituraAD_L0+1, R1
0x0790	0xDF79      	RCALL       _Word2Double
0x0792	0x0E85      	MOVLW       133
0x0794	0x6E04      	MOVWF       R4 
0x0796	0x0EEB      	MOVLW       235
0x0798	0x6E05      	MOVWF       R5 
0x079A	0x0E51      	MOVLW       81
0x079C	0x6E06      	MOVWF       R6 
0x079E	0x0E7D      	MOVLW       125
0x07A0	0x6E07      	MOVWF       R7 
0x07A2	0xDEA5      	RCALL       _Mul_32x32_FP
0x07A4	0xDE22      	RCALL       _Double2Word
0x07A6	0xF034C000  	MOVFF       R0, main_leituraAD_L0
0x07AA	0xF035C001  	MOVFF       R1, main_leituraAD_L0+1
;ControleVentiladorRPM.c,83 :: 		WordToStr(leituraAD, frase);   // converte no A/D em string
0x07AE	0xF036C000  	MOVFF       R0, FARG_WordToStr_input
0x07B2	0xF037C001  	MOVFF       R1, FARG_WordToStr_input+1
0x07B6	0x0E28      	MOVLW       main_frase_L0
0x07B8	0x6E38      	MOVWF       FARG_WordToStr_output 
0x07BA	0x0E00      	MOVLW       hi_addr(main_frase_L0)
0x07BC	0x6E39      	MOVWF       FARG_WordToStr_output+1 
0x07BE	0xDDCD      	RCALL       _WordToStr
;ControleVentiladorRPM.c,84 :: 		Lcd_Out(1,11,frase);            // imprime Duty Cycle.
0x07C0	0x0E01      	MOVLW       1
0x07C2	0x6E36      	MOVWF       FARG_Lcd_Out_row 
0x07C4	0x0E0B      	MOVLW       11
0x07C6	0x6E37      	MOVWF       FARG_Lcd_Out_column 
0x07C8	0x0E28      	MOVLW       main_frase_L0
0x07CA	0x6E38      	MOVWF       FARG_Lcd_Out_text 
0x07CC	0x0E00      	MOVLW       hi_addr(main_frase_L0)
0x07CE	0x6E39      	MOVWF       FARG_Lcd_Out_text+1 
0x07D0	0xDD3C      	RCALL       _Lcd_Out
;ControleVentiladorRPM.c,87 :: 		WordToStr(timer1, frase);  // converte o valor para string
0x07D2	0xF036C032  	MOVFF       main_timer1_L0, FARG_WordToStr_input
0x07D6	0xF037C033  	MOVFF       main_timer1_L0+1, FARG_WordToStr_input+1
0x07DA	0x0E28      	MOVLW       main_frase_L0
0x07DC	0x6E38      	MOVWF       FARG_WordToStr_output 
0x07DE	0x0E00      	MOVLW       hi_addr(main_frase_L0)
0x07E0	0x6E39      	MOVWF       FARG_WordToStr_output+1 
0x07E2	0xDDBB      	RCALL       _WordToStr
;ControleVentiladorRPM.c,88 :: 		Lcd_Out(2,1,frase);             // imprime no RPM.
0x07E4	0x0E02      	MOVLW       2
0x07E6	0x6E36      	MOVWF       FARG_Lcd_Out_row 
0x07E8	0x0E01      	MOVLW       1
0x07EA	0x6E37      	MOVWF       FARG_Lcd_Out_column 
0x07EC	0x0E28      	MOVLW       main_frase_L0
0x07EE	0x6E38      	MOVWF       FARG_Lcd_Out_text 
0x07F0	0x0E00      	MOVLW       hi_addr(main_frase_L0)
0x07F2	0x6E39      	MOVWF       FARG_Lcd_Out_text+1 
0x07F4	0xDD2A      	RCALL       _Lcd_Out
;ControleVentiladorRPM.c,89 :: 		Lcd_Out_CP(" RPM");               // string "RPM".
0x07F6	0x0E15      	MOVLW       ?lstr2_ControleVentiladorRPM
0x07F8	0x6E36      	MOVWF       FARG_Lcd_Out_CP_text 
0x07FA	0x0E00      	MOVLW       hi_addr(?lstr2_ControleVentiladorRPM)
0x07FC	0x6E37      	MOVWF       FARG_Lcd_Out_CP_text+1 
0x07FE	0xDE62      	RCALL       _Lcd_Out_CP
;ControleVentiladorRPM.c,91 :: 		}
0x0800	0xD7AB      	BRA         L_main0
;ControleVentiladorRPM.c,92 :: 		}
L_end_main:
0x0802	0xD7FF      	BRA         $+0
; end of _main
0x0816	0xF015EE10  	LFSR        1, 21
0x081A	0x0E12      	MOVLW       18
0x081C	0x6E00      	MOVWF       R0 
0x081E	0x0E01      	MOVLW       1
0x0820	0x6E01      	MOVWF       R1 
0x0822	0x0E04      	MOVLW       4
0x0824	0x6EF6      	MOVWF       4086 
0x0826	0x0E08      	MOVLW       8
0x0828	0x6EF7      	MOVWF       TBLPTRH 
0x082A	0x0E00      	MOVLW       0
0x082C	0x6EF8      	MOVWF       TBLPTRU 
0x082E	0xF001EC1D  	CALL        570, 0
0x0832	0x0012      	RETURN      0
;ControleVentiladorRPM.c,0 :: ?ICS?lstr2_ControleVentiladorRPM
0x0804	0x5220 ;?ICS?lstr2_ControleVentiladorRPM+0
0x0806	0x4D50 ;?ICS?lstr2_ControleVentiladorRPM+2
0x0808	0x00 ;?ICS?lstr2_ControleVentiladorRPM+4
; end of ?ICS?lstr2_ControleVentiladorRPM
;ControleVentiladorRPM.c,0 :: ?ICS?lstr1_ControleVentiladorRPM
0x0809	0x7544 ;?ICS?lstr1_ControleVentiladorRPM+0
0x080B	0x7974 ;?ICS?lstr1_ControleVentiladorRPM+2
0x080D	0x4320 ;?ICS?lstr1_ControleVentiladorRPM+4
0x080F	0x6379 ;?ICS?lstr1_ControleVentiladorRPM+6
0x0811	0x656C ;?ICS?lstr1_ControleVentiladorRPM+8
0x0813	0x203A ;?ICS?lstr1_ControleVentiladorRPM+10
0x0815	0x00 ;?ICS?lstr1_ControleVentiladorRPM+12
; end of ?ICS?lstr1_ControleVentiladorRPM
Symbol List:
//** Routines locations **
//ADDRESS    SIZE    PROCEDURE
//----------------------------------------------
0x001C       [6]    _Delay_1us
0x0022      [22]    _Delay_5500us
0x0038      [10]    _Delay_50us
0x0042       [8]    _FIXSIGN32
0x004A     [124]    _Lcd_Cmd
0x00C6      [14]    _RES032
0x00D4      [26]    _SETFUN32
0x00EE      [12]    _Delay_22us
0x00FA      [54]    _Div_16x16_U
0x0130     [114]    _NRM3232
0x01A2      [12]    _Lcd_Chr_CP
0x01AE      [24]    _SETFOV32
0x01C6      [28]    _SETIOV3224
0x01E2      [80]    _Mul_16x16_U
0x0232       [8]    _PWM1_Init
0x023A      [16]    ___CC2DW
0x024A     [122]    _Lcd_Out
0x02C4     [150]    _Lcd_Init
0x035A     [144]    _WordToStr
0x03EA     [218]    _Double2Word
0x04C4      [42]    _Lcd_Out_CP
0x04EE     [288]    _Mul_32x32_FP
0x060E      [10]    _PWM1_Start
0x0618     [108]    _PWM1_Set_Duty
0x0684      [40]    _Word2Double
0x06AC      [54]    _ADC_Read
0x06E2     [290]    _main
//** Variables locations ** 
//ADDRESS    SIZE    VARIABLE
//----------------------------------------------
0x0000       [1]    R0
0x0001       [1]    R1
0x0002       [1]    R2
0x0003       [1]    R3
0x0003       [2]    Ltrim_original_L0
0x0004       [1]    R4
0x0005       [2]    Ltrim_p_L0
0x0005       [2]    LongWordToHex_input_half_L0
0x0005       [1]    R5
0x0005       [2]    LongIntToHex_input_half_L0
0x0006       [1]    R6
0x0007       [1]    R7
0x0008       [1]    R8
0x0009       [1]    R9
0x000A       [1]    R10
0x000B       [1]    R11
0x000C       [1]    R12
0x000D       [1]    R13
0x000E       [1]    R14
0x000F       [1]    R15
0x0010       [1]    R16
0x0011       [1]    R17
0x0012       [1]    R18
0x0013       [1]    R19
0x0014       [1]    R20
0x0015       [5]    ?lstr2_ControleVentiladorRPM
0x001A      [13]    ?lstr1_ControleVentiladorRPM
0x0027       [0]    __Lib_Lcd_cmd_status
0x0028      [10]    main_frase_L0
0x0032       [2]    main_timer1_L0
0x0034       [2]    main_leituraAD_L0
0x0036       [1]    FARG_ADC_Read_channel
0x0036       [4]    FARG_PWM1_Init_PWM_Freq
0x0036       [1]    FARG_Lcd_Out_row
0x0036       [1]    FARG_PWM1_Set_Duty_new_duty
0x0036       [2]    FARG_Lcd_Out_CP_text
0x0036       [2]    FARG_WordToStr_input
0x0037       [1]    FARG_Lcd_Out_column
0x0038       [1]    Lcd_Out_CP_i_L0
0x0038       [2]    FARG_WordToStr_output
0x0038       [2]    FARG_Lcd_Out_text
0x003A       [1]    Lcd_Out_i_L0
0x003A       [1]    WordToStr_len_L0
0x003B       [2]    FLOC__WordToStr
0x003D       [1]    FARG_Lcd_Chr_CP_out_char
0x003E       [1]    FARG_Lcd_Cmd_out_char
0x0F80       [1]    PORTA
0x0F81       [1]    PORTB
0x0F82       [1]    PORTC
0x0F83       [0]    LCD_D7
0x0F83       [1]    PORTD
0x0F83       [0]    LCD_D6
0x0F83       [0]    LCD_D4
0x0F83       [0]    LCD_D5
0x0F83       [0]    RD7_bit
0x0F83       [0]    RD5_bit
0x0F83       [0]    RD6_bit
0x0F83       [0]    RD4_bit
0x0F84       [0]    RE2_bit
0x0F84       [0]    RE1_bit
0x0F84       [0]    LCD_EN
0x0F84       [0]    LCD_RS
0x0F84       [1]    PORTE
0x0F89       [1]    LATA
0x0F8A       [1]    LATB
0x0F8B       [1]    LATC
0x0F8C       [1]    LATD
0x0F8D       [1]    LATE
0x0F92       [1]    TRISA
0x0F93       [1]    TRISB
0x0F94       [0]    TRISC2_bit
0x0F94       [1]    TRISC
0x0F95       [0]    TRISD4_bit
0x0F95       [0]    LCD_D4_Direction
0x0F95       [0]    LCD_D5_Direction
0x0F95       [1]    TRISD
0x0F95       [0]    TRISD7_bit
0x0F95       [0]    TRISD6_bit
0x0F95       [0]    LCD_D6_Direction
0x0F95       [0]    TRISD5_bit
0x0F95       [0]    LCD_D7_Direction
0x0F96       [0]    LCD_RS_Direction
0x0F96       [0]    TRISE2_bit
0x0F96       [0]    TRISE1_bit
0x0F96       [1]    TRISE
0x0F96       [0]    LCD_EN_Direction
0x0F9B       [1]    OSCTUNE
0x0F9D       [1]    PIE1
0x0F9E       [1]    PIR1
0x0F9F       [1]    IPR1
0x0FA0       [1]    PIE2
0x0FA1       [1]    PIR2
0x0FA2       [1]    IPR2
0x0FA6       [1]    EECON1
0x0FAB       [1]    RCSTA
0x0FAC       [1]    TXSTA
0x0FB1       [1]    T3CON
0x0FB4       [1]    CMCON
0x0FB5       [1]    CVRCON
0x0FB6       [1]    ECCP1AS
0x0FB7       [1]    ECCP1DEL
0x0FB8       [1]    BAUDCON
0x0FBA       [1]    CCP2CON
0x0FBD       [1]    CCP1CON
0x0FBE       [1]    CCPR1L
0x0FC0       [1]    ADCON2
0x0FC1       [1]    ADCON1
0x0FC2       [1]    ADCON0
0x0FC3       [1]    ADRESL
0x0FC4       [1]    ADRESH
0x0FC5       [1]    SSPCON2
0x0FC6       [1]    SSPCON1
0x0FC7       [1]    SSPSTAT
0x0FCA       [1]    T2CON
0x0FCB       [1]    PR2
0x0FCD       [1]    T1CON
0x0FCE       [1]    TMR1L
0x0FCF       [1]    TMR1H
0x0FD0       [1]    RCON
0x0FD1       [1]    WDTCON
0x0FD2       [1]    HLVDCON
0x0FD3       [1]    OSCCON
0x0FD5       [1]    T0CON
0x0FD6       [1]    TMR0L
0x0FD7       [1]    TMR0H
0x0FD8       [1]    STATUS
0x0FD9       [1]    FSR2L
0x0FDA       [1]    FSR2H
0x0FDE       [1]    POSTINC2
0x0FE0       [1]    BSR
0x0FE1       [1]    FSR1L
0x0FE2       [1]    FSR1H
0x0FE4       [1]    PREINC1
0x0FE6       [1]    POSTINC1
0x0FE7       [1]    INDF1
0x0FE8       [1]    WREG
0x0FE9       [1]    FSR0L
0x0FEA       [1]    FSR0H
0x0FEE       [1]    POSTINC0
0x0FF0       [1]    INTCON3
0x0FF1       [1]    INTCON2
0x0FF2       [1]    INTCON
0x0FF3       [1]    PRODL
0x0FF4       [1]    PRODH
0x0FF5       [1]    TABLAT
0x0FF6       [1]    TBLPTRL
0x0FF7       [1]    TBLPTRH
0x0FF8       [1]    TBLPTRU
0x0FFB       [1]    PCLATU
0x0FFC       [1]    STKPTR
//** Constants locations ** 
//ADDRESS    SIZE    CONSTANT
//----------------------------------------------
0x0804       [5]    ?ICS?lstr2_ControleVentiladorRPM
0x0809      [13]    ?ICS?lstr1_ControleVentiladorRPM
//** Label List: ** 
//----------------------------------------------
  L_main0
  L_main1
  L_end_main
  _main
  L_end_P18F4520___?ag
  P18F4520____?ag
  L_ADC_Get_Sample0
  L_ADC_Get_Sample1
  L_ADC_Read2
  L_ADC_Read3
  L_end_ADC_Init
  _ADC_Init
  L_end_ADC_Get_Sample
  _ADC_Get_Sample
  L_end_ADC_Read
  _ADC_Read
  L_ByteToStr0
  L_ByteToStr1
  L_ByteToStr2
  L_ByteToStr3
  L_ByteToStr4
  L_ByteToStr5
  L_WordToStr6
  L_WordToStr7
  L_WordToStr8
  L_WordToStr9
  L_WordToStr10
  L_WordToStr11
  L_WordToStrWithZeros12
  L_WordToStrWithZeros13
  L_WordToStrWithZeros14
  L_WordToStrWithZeros15
  L_WordToStrWithZeros16
  L_ShortToStr17
  L_ShortToStr18
  L_ShortToStr19
  L_ShortToStr20
  L_ShortToStr21
  L_ShortToStr22
  L_IntToStr23
  L_IntToStr24
  L_IntToStr25
  L_IntToStr26
  L_IntToStr27
  L_IntToStr28
  L_IntToStrWithZeros29
  L_IntToStrWithZeros30
  L_IntToStrWithZeros31
  L_IntToStrWithZeros32
  L_IntToStrWithZeros33
  L_IntToStrWithZeros34
  L_IntToStrWithZeros35
  L_IntToStrWithZeros36
  L_IntToStrWithZeros37
  L_LongWordToStr38
  L_LongWordToStr39
  L_LongWordToStr40
  L_LongWordToStr41
  L_LongWordToStr42
  L_LongWordToStr43
  L_LongWordToStrWithZeros44
  L_LongWordToStrWithZeros45
  L_LongWordToStrWithZeros46
  L_LongWordToStrWithZeros47
  L_LongWordToStrWithZeros48
  L_LongToStr49
  L_LongToStr50
  L_LongToStr51
  L_LongToStr52
  L_LongToStr53
  L_LongToStr54
  L_LongIntToStrWithZeros55
  L_LongIntToStrWithZeros56
  L_LongIntToStrWithZeros57
  L_LongIntToStrWithZeros58
  L_LongIntToStrWithZeros59
  L_LongIntToStrWithZeros60
  L_LongIntToStrWithZeros61
  L_LongIntToStrWithZeros62
  L_LongIntToStrWithZeros63
  L_Dec2Bcd64
  L_Dec2Bcd65
  L_Rtrim66
  L_Rtrim67
  L_Rtrim68
  L_Rtrim69
  L_Ltrim70
  L_Ltrim71
  L_Ltrim72
  L_Ltrim73
  L_Ltrim74
  L_Ltrim75
  L_FloatToStr76
  L_FloatToStr77
  L_FloatToStr78
  L_FloatToStr79
  L_FloatToStr80
  L_FloatToStr81
  L_FloatToStr82
  L_FloatToStr83
  L_FloatToStr84
  L_FloatToStr85
  L_FloatToStr86
  L_FloatToStr87
  L_FloatToStr88
  L_FloatToStr89
  L_FloatToStr90
  L_FloatToStr91
  L_FloatToStr92
  L_FloatToStr93
  L_FloatToStr94
  L_FloatToStr95
  L_FloatToStr96
  L_FloatToStr97
  L__Rtrim98
  L__Ltrim99
  L__FloatToStr100
  L_end_ByteToHex
  _ByteToHex
  L_end_ShortToHex
  _ShortToHex
  L_end_WordToHex
  _WordToHex
  L_end_IntToHex
  _IntToHex
  L_end_LongWordToHex
  _LongWordToHex
  L_end_LongIntToHex
  _LongIntToHex
  L_end_ByteToStr
  _ByteToStr
  L_end_WordToStr
  _WordToStr
  L__WordToStr109
  L_end_WordToStrWithZeros
  _WordToStrWithZeros
  L__WordToStrWithZeros111
  L_end_ShortToStr
  _ShortToStr
  L__ShortToStr113
  L_end_IntToStr
  _IntToStr
  L__IntToStr115
  L__IntToStr116
  L_end_IntToStrWithZeros
  _IntToStrWithZeros
  L__IntToStrWithZeros118
  L__IntToStrWithZeros119
  L__IntToStrWithZeros120
  L_end_LongWordToStr
  _LongWordToStr
  L__LongWordToStr122
  L__LongWordToStr123
  L_end_LongWordToStrWithZeros
  _LongWordToStrWithZeros
  L__LongWordToStrWithZeros125
  L_end_LongToStr
  _LongToStr
  L__LongToStr127
  L__LongToStr128
  L_end_LongIntToStrWithZeros
  _LongIntToStrWithZeros
  L__LongIntToStrWithZeros130
  L__LongIntToStrWithZeros131
  L__LongIntToStrWithZeros132
  L_end_Dec2Bcd
  _Dec2Bcd
  L_end_Bcd2Dec
  _Bcd2Dec
  L_end_Bcd2Dec16
  _Bcd2Dec16
  L__Bcd2Dec16136
  L__Bcd2Dec16137
  L_end_Dec2Bcd16
  _Dec2Bcd16
  L__Dec2Bcd16139
  L__Dec2Bcd16140
  L_end_Rtrim
  _Rtrim
  L__Rtrim142
  L_end_Ltrim
  _Ltrim
  L_end_FloatToStr
  _FloatToStr
  L__FloatToStr145
  L__FloatToStr146
  L__FloatToStr147
  L__FloatToStr148
  L__FloatToStr149
  L_Delay_10us0
  L_Delay_22us1
  L_Delay_50us2
  L_Delay_80us3
  L_Delay_500us4
  L_Delay_5500us5
  L_Delay_1ms6
  L_Delay_5ms7
  L_Delay_8ms8
  L_Delay_100ms9
  L_Delay_10ms10
  L_Delay_1sec11
  L____Boot_Delay4k12
  L____Boot_Delay8k13
  L____Boot_Delay12k14
  L____Boot_Delay16k15
  L____Boot_Delay24k16
  L____Boot_Delay32k17
  L____Boot_Delay48k18
  L____Boot_Delay64k19
  L____Boot_Delay128k20
  L_Delay_Cyc21
  L_Delay_Cyc22
  L_VDelay_ms23
  L_VDelay_ms24
  L_VDelay_ms25
  L_VDelay_Advanced_ms26
  L_VDelay_Advanced_ms27
  L_VDelay_Advanced_ms28
  L_end_Get_Fosc_kHz
  _Get_Fosc_kHz
  L_end_Delay_1us
  _Delay_1us
  L_end_Delay_10us
  _Delay_10us
  L_end_Delay_22us
  _Delay_22us
  L_end_Delay_50us
  _Delay_50us
  L_end_Delay_80us
  _Delay_80us
  L_end_Delay_500us
  _Delay_500us
  L_end_Delay_5500us
  _Delay_5500us
  L_end_Delay_1ms
  _Delay_1ms
  L_end_Delay_5ms
  _Delay_5ms
  L_end_Delay_8ms
  _Delay_8ms
  L_end_Delay_100ms
  _Delay_100ms
  L_end_Delay_10ms
  _Delay_10ms
  L_end_Delay_1sec
  _Delay_1sec
  L_end____Boot_Delay4k
  ____Boot_Delay4k
  L_end____Boot_Delay8k
  ____Boot_Delay8k
  L_end____Boot_Delay12k
  ____Boot_Delay12k
  L_end____Boot_Delay16k
  ____Boot_Delay16k
  L_end____Boot_Delay24k
  ____Boot_Delay24k
  L_end____Boot_Delay32k
  ____Boot_Delay32k
  L_end____Boot_Delay48k
  ____Boot_Delay48k
  L_end____Boot_Delay64k
  ____Boot_Delay64k
  L_end____Boot_Delay128k
  ____Boot_Delay128k
  L_end_Delay_Cyc
  _Delay_Cyc
  L_end_VDelay_ms
  _VDelay_ms
  L__VDelay_ms54
  L__VDelay_ms55
  L__VDelay_ms56
  L_end_VDelay_Advanced_ms
  _VDelay_Advanced_ms
  L__VDelay_Advanced_ms58
  L__VDelay_Advanced_ms59
  L__VDelay_Advanced_ms60
  L_Lcd_Cmd0
  L_Lcd_Cmd1
  L_Lcd_Out_CP2
  L_Lcd_Out_CP3
  L_Lcd_Chr4
  L_Lcd_Chr5
  L_Lcd_Chr6
  L_Lcd_Chr7
  L_Lcd_Chr8
  L_Lcd_Chr9
  L_Lcd_Chr10
  L_Lcd_Out11
  L_Lcd_Out12
  L_Lcd_Out13
  L_Lcd_Out14
  L_Lcd_Out15
  L_Lcd_Out16
  L_Lcd_Out17
  L_Lcd_Out18
  L_Lcd_Out19
  L_end_Lcd_Cmd
  _Lcd_Cmd
  L__Lcd_Cmd21
  L__Lcd_Cmd22
  L__Lcd_Cmd23
  L__Lcd_Cmd24
  L__Lcd_Cmd25
  L__Lcd_Cmd26
  L__Lcd_Cmd27
  L__Lcd_Cmd28
  L__Lcd_Cmd29
  L__Lcd_Cmd30
  L__Lcd_Cmd31
  L__Lcd_Cmd32
  L__Lcd_Cmd33
  L__Lcd_Cmd34
  L__Lcd_Cmd35
  L__Lcd_Cmd36
  L__Lcd_Cmd37
  L__Lcd_Cmd38
  L__Lcd_Cmd39
  L__Lcd_Cmd40
  L_end_Lcd_Chr_CP
  _Lcd_Chr_CP
  L_end_Lcd_Out_CP
  _Lcd_Out_CP
  L_end_Lcd_Chr
  _Lcd_Chr
  L_end_Lcd_Init
  _Lcd_Init
  L_end_Lcd_Out
  _Lcd_Out
  L_Div_16x16_S0
  L_Div_16x16_S1
  LOOPS3232A
  SADD22LA
  SOK22LA
  SADD22L8
  SOK22L8
  LOOPS3232B
  SADD22LB
  SOK22LB
  SADD22L16
  SOK22L16
  LOOPS3232C
  SADD22LC
  SOK22LC
  SADD22L24
  SOK22L24
  LOOPS3232D
  SADD22LD
  SOK22LD
  SOK22L
  L_Div_32x32_S6
  L_Div_32x32_S7
  L_Div_32x32_S8
  L_Div_32x32_S9
  FXD3232S
  END_ALL
  CA3232S
  C3232SX
  C3232SX1
  C3232S
  C3232S2
  C3232SX4
  C3232SOK
  C3232SX3
  C3232SX2
  avoid_comfrem
  LOOPU3232A
  UADD22LA
  UOK22LA
  UADD22L8
  UOK22L8
  LOOPU3232B
  UADD22LB
  UOK22LB
  UADD22L16
  UOK22L16
  LOOPU3232C
  UADD22LC
  UOK22LC
  UADD22L24
  UOK22L24
  LOOPU3232D
  UADD22LD
  UOK22LD
  UOK22L
  _NEXT
  _EXIT2
  _LOOP
  _EXIT1
  _IF_FIRST
  _IF_SECOND
  _INVERCE_FIRST
  _MULT
  _INBERSE_SECOND
  _EXIT
  L_end_Div_8x8_U
  _Div_8x8_U
  L_end_Div_16x16_U
  _Div_16x16_U
  L_end_Div_16x16_S_L
  _Div_16x16_S_L
  L_end_Div_16x16_S
  _Div_16x16_S
  L_end_Div_8x8_S
  _Div_8x8_S
  L_end_Mul_8x8_S
  _Mul_8x8_S
  L_end_Mul_16x16_U
  _Mul_16x16_U
  L_end_Mul_16x16_S
  _Mul_16x16_S
  L_end_SDIV3232L
  _SDIV3232L
  L_end_COMFREM
  _COMFREM
  L_end_Div_32x32_S
  _Div_32x32_S
  L_end_Div_32x32_U
  _Div_32x32_U
  L_end_Mul_32x32_U
  _Mul_32x32_U
  L_end_Mul_32x32_S
  _Mul_32x32_S
  SETFOV32EEE
  SETFUN32EEE
  NRMRND4032
  NRM40JPSETFOV32
  NRM4032
  NRM4032A
  TNIB4032
  NORM4032
  TNORMUN4032
  NRM40JPSETFUN32
  NRM40JPFIXSIGN32
  NRM4032B
  TNIB4032A
  NORM4032A
  NRM4032C
  TNIB4032B
  NORM4032B
  NRM40JPRES032
  TNIB4032C
  NORM4032C
  NRM40EEE
  NORM3232
  JPNRES032
  JPNSETFUN32
  NORM3232A
  JMPNFIXSIGN32
  NORM32EEE
  SETIOV3224EEE
  FPA32
  USEA32
  USEB32
  BRETURN32
  BLIGNED32
  BNIB32
  BNIB32A
  BNIB32B
  BNIB32C
  ADDEOK
  BLOOP32C
  BLOOP32B
  BLOOP32A
  BLOOP32
  AOK32
  BNE032
  ALIGNED32
  ANIB32
  ANIB32A
  ANIB32B
  ANIB32C
  ALOOP32C
  ALOOP32B
  ALOOP32A
  ALOOP32
  ACOMP32
  ADDJPNRMRND4032
  ADDJPSETFOV32
  ADDJPNRM4032
  ADDEEE
  FPS32
  FPM32
  MULJPRES032
  M32BNE0
  MTUN32
  MULJPSETFOV32
  MOK32
  MULJPSETFUN32
  MROUND32
  MUL32OK
  MULEEE
  L_Div_32x32_FP11
  L_Div_32x32_FP12
  L_Div_32x32_FP13
  L_Div_32x32_FP14
  FPD32
  JPDSETFDZ32
  JPDRES032
  D32BNE0
  TALIGN32
  TS1ALIGN32
  TS2ALIGN32
  DALIGN32OK
  ALTB32
  AGEB32
  JPDSETFOV32
  DARGOK32
  JPDSETFUN32
  DLOOP32
  DS132
  DS232
  DREST32
  DOK32
  DAREST32
  DROUND32
  DIV32OK
  DIV32EEE
  INT3232U
  INT3232UEOK
  SETEXP32U
  SETIOV32U
  TSHIFT3232U
  SHIFT3232UOK
  SHIFT3232U
  INT3232UOK
  JPLSETIOV3224
  IRES032U
  INT3232UEER
  INT3232UEEE
  INT3232
  INT3232EOK
  SETIOV32
  TSHIFT3232
  SHIFT3232OK
  SHIFT3232
  INT3232OK
  JPISETIOV3224
  IRES032
  INT3232EER
  INT3232EEE
  INT3216
  IRES016
  SETIOV16
  TSHIFT3216
  SHIFT3216OK
  SHIFT3216
  INT3216OK
  JPJSETIOV3224
  INT3216EOK
  INT3216EER
  INT3216EEE
  INT3216U
  IRES016U
  SETEXP16U
  SETIOV16U
  TSHIFT3216U
  SHIFT3216UOK
  SHIFT3216U
  INT3216UOK
  JPKSETIOV3224
  INT3216UEOK
  INT3216UEER
  INT3216UEEE
  INT32U08
  IRES008
  SETEXP08
  SETIOV08
  TSHIFT3208
  SHIFT3208OK
  SHIFT3208
  INT3208OK
  D2B_JPKSETIOV3224
  INT3208EOK
  INT3208EER
  INT3208EEE
  FLO08U32
  FLO1632
  FLO1632EEE
  FLO16U32
  FLO3232
  FLO3232EEE
  FLO32U32
  EQU_FALSE
  COMPARE_EQU
  COMPARE_NOTZERO
  COMPARE_XNOTZERO
  COMPARE_YNOTZERO
  COMPARE_LT
  COMPARE_GT
  COMPARE_TESTALL
  COMPARE_C1
  GT_FALSE
  GT_TRUE
  COMPARE_C2
  COMPARE_C3
  L_end_SETFOV32
  _SETFOV32
  L_end_SETFDZ32
  _SETFDZ32
  L_end_FIXSIGN32
  _FIXSIGN32
  L_end_RES032
  _RES032
  L_end_SETFUN32
  _SETFUN32
  L_end_NRM4032
  _NRM4032
  L_end_NRM3232
  _NRM3232
  L_end_SETIOV3224
  _SETIOV3224
  L_end_Add_32x32_FP
  _Add_32x32_FP
  L_end_Sub_32x32_FP
  _Sub_32x32_FP
  L_end_Mul_32x32_FP
  _Mul_32x32_FP
  L_end_Div_32x32_FP
  _Div_32x32_FP
  L_end_Double2Longword
  _Double2Longword
  L_end_Double2Longint
  _Double2Longint
  L_end_Double2Int
  _Double2Int
  L_end_Double2Word
  _Double2Word
  L_end_Double2Byte
  _Double2Byte
  L_end_Byte2Double
  _Byte2Double
  L_end_Int2Double
  _Int2Double
  L_end_Word2Double
  _Word2Double
  L_end_Longint2Double
  _Longint2Double
  L_end_Longword2Double
  _Longword2Double
  L_end_Equals_Double
  _Equals_Double
  L_end_Compare_Double
  _Compare_Double
  L_end_PWM2_Init
  _PWM2_Init
  L_end_PWM2_Set_Duty
  _PWM2_Set_Duty
  L__PWM2_Set_Duty2
  L__PWM2_Set_Duty3
  L__PWM2_Set_Duty4
  L__PWM2_Set_Duty5
  L_end_PWM2_Start
  _PWM2_Start
  L_end_PWM2_Stop
  _PWM2_Stop
  L_end_PWM1_Init
  _PWM1_Init
  L_end_PWM1_Set_Duty
  _PWM1_Set_Duty
  L__PWM1_Set_Duty10
  L__PWM1_Set_Duty11
  L__PWM1_Set_Duty12
  L__PWM1_Set_Duty13
  L_end_PWM1_Start
  _PWM1_Start
  L_end_PWM1_Stop
  _PWM1_Stop
  _CC2D_Loop1
  _CC2DL_Loop1
  L_longjmp2
  L_end___CC2D
  ___CC2D
  L_end___CC2DW
  ___CC2DW
  L_end_____DoIFC
  _____DoIFC
  L_end_Swap
  _Swap
  L_end_setjmp
  _setjmp
  L_end_longjmp
  _longjmp
